{"N:\\Work\\reqs.ai\\backend\\src\\app.ts": {"path":"N:\\Work\\reqs.ai\\backend\\src\\app.ts","statementMap":{"0":{"start":{"line":1,"column":0},"end":{"line":1,"column":30}},"1":{"start":{"line":2,"column":0},"end":{"line":2,"column":24}},"2":{"start":{"line":3,"column":0},"end":{"line":3,"column":28}},"3":{"start":{"line":4,"column":0},"end":{"line":4,"column":30}},"4":{"start":{"line":5,"column":0},"end":{"line":5,"column":30}},"5":{"start":{"line":6,"column":0},"end":{"line":6,"column":65}},"6":{"start":{"line":7,"column":0},"end":{"line":7,"column":40}},"7":{"start":{"line":8,"column":0},"end":{"line":8,"column":72}},"8":{"start":{"line":10,"column":0},"end":{"line":10,"column":43}},"9":{"start":{"line":12,"column":12},"end":{"line":12,"column":21}},"10":{"start":{"line":15,"column":16},"end":{"line":21,"column":2}},"11":{"start":{"line":24,"column":0},"end":{"line":24,"column":17}},"12":{"start":{"line":27,"column":0},"end":{"line":27,"column":27}},"13":{"start":{"line":28,"column":0},"end":{"line":28,"column":18}},"14":{"start":{"line":29,"column":0},"end":{"line":29,"column":45}},"15":{"start":{"line":30,"column":0},"end":{"line":30,"column":24}},"16":{"start":{"line":31,"column":0},"end":{"line":31,"column":48}},"17":{"start":{"line":34,"column":0},"end":{"line":34,"column":27}},"18":{"start":{"line":37,"column":0},"end":{"line":39,"column":3}},"19":{"start":{"line":38,"column":4},"end":{"line":38,"column":77}},"20":{"start":{"line":42,"column":0},"end":{"line":42,"column":28}},"21":{"start":{"line":44,"column":0},"end":{"line":44,"column":19}}},"fnMap":{"0":{"name":"(anonymous_1)","decl":{"start":{"line":37,"column":13},"end":{"line":37,"column":14}},"loc":{"start":{"line":37,"column":32},"end":{"line":39,"column":1}}}},"branchMap":{},"s":{"0":0,"1":0,"2":0,"3":0,"4":0,"5":0,"6":0,"7":0,"8":0,"9":0,"10":0,"11":0,"12":0,"13":0,"14":0,"15":0,"16":0,"17":0,"18":0,"19":0,"20":0,"21":0},"f":{"0":0},"b":{}}
,"N:\\Work\\reqs.ai\\backend\\src\\controllers\\apiKeyController.ts": {"path":"N:\\Work\\reqs.ai\\backend\\src\\controllers\\apiKeyController.ts","statementMap":{"0":{"start":{"line":2,"column":0},"end":{"line":2,"column":38}},"1":{"start":{"line":3,"column":0},"end":{"line":3,"column":55}},"2":{"start":{"line":4,"column":0},"end":{"line":4,"column":52}},"3":{"start":{"line":5,"column":0},"end":{"line":5,"column":41}},"4":{"start":{"line":7,"column":22},"end":{"line":32,"column":1}},"5":{"start":{"line":8,"column":4},"end":{"line":31,"column":5}},"6":{"start":{"line":9,"column":31},"end":{"line":9,"column":39}},"7":{"start":{"line":10,"column":8},"end":{"line":10,"column":78}},"8":{"start":{"line":10,"column":18},"end":{"line":10,"column":78}},"9":{"start":{"line":14,"column":29},"end":{"line":14,"column":41}},"10":{"start":{"line":15,"column":22},"end":{"line":15,"column":35}},"11":{"start":{"line":17,"column":23},"end":{"line":22,"column":10}},"12":{"start":{"line":24,"column":8},"end":{"line":28,"column":11}},"13":{"start":{"line":30,"column":8},"end":{"line":30,"column":18}},"14":{"start":{"line":7,"column":13},"end":{"line":7,"column":22}},"15":{"start":{"line":34,"column":23},"end":{"line":41,"column":1}},"16":{"start":{"line":35,"column":4},"end":{"line":40,"column":5}},"17":{"start":{"line":36,"column":21},"end":{"line":36,"column":106}},"18":{"start":{"line":37,"column":8},"end":{"line":37,"column":37}},"19":{"start":{"line":39,"column":8},"end":{"line":39,"column":18}},"20":{"start":{"line":34,"column":13},"end":{"line":34,"column":23}},"21":{"start":{"line":43,"column":25},"end":{"line":52,"column":1}},"22":{"start":{"line":44,"column":4},"end":{"line":51,"column":5}},"23":{"start":{"line":45,"column":20},"end":{"line":45,"column":96}},"24":{"start":{"line":46,"column":8},"end":{"line":46,"column":70}},"25":{"start":{"line":46,"column":18},"end":{"line":46,"column":70}},"26":{"start":{"line":48,"column":8},"end":{"line":48,"column":56}},"27":{"start":{"line":50,"column":8},"end":{"line":50,"column":18}},"28":{"start":{"line":43,"column":13},"end":{"line":43,"column":25}}},"fnMap":{"0":{"name":"(anonymous_1)","decl":{"start":{"line":7,"column":22},"end":{"line":7,"column":27}},"loc":{"start":{"line":7,"column":80},"end":{"line":32,"column":1}}},"1":{"name":"(anonymous_2)","decl":{"start":{"line":34,"column":23},"end":{"line":34,"column":28}},"loc":{"start":{"line":34,"column":81},"end":{"line":41,"column":1}}},"2":{"name":"(anonymous_3)","decl":{"start":{"line":43,"column":25},"end":{"line":43,"column":30}},"loc":{"start":{"line":43,"column":83},"end":{"line":52,"column":1}}}},"branchMap":{"0":{"loc":{"start":{"line":10,"column":8},"end":{"line":10,"column":78}},"type":"if","locations":[{"start":{"line":10,"column":8},"end":{"line":10,"column":78}},{"start":{},"end":{}}]},"1":{"loc":{"start":{"line":21,"column":19},"end":{"line":21,"column":43}},"type":"binary-expr","locations":[{"start":{"line":21,"column":19},"end":{"line":21,"column":24}},{"start":{"line":21,"column":28},"end":{"line":21,"column":43}}]},"2":{"loc":{"start":{"line":46,"column":8},"end":{"line":46,"column":70}},"type":"if","locations":[{"start":{"line":46,"column":8},"end":{"line":46,"column":70}},{"start":{},"end":{}}]}},"s":{"0":0,"1":0,"2":0,"3":0,"4":0,"5":0,"6":0,"7":0,"8":0,"9":0,"10":0,"11":0,"12":0,"13":0,"14":0,"15":0,"16":0,"17":0,"18":0,"19":0,"20":0,"21":0,"22":0,"23":0,"24":0,"25":0,"26":0,"27":0,"28":0},"f":{"0":0,"1":0,"2":0},"b":{"0":[0,0],"1":[0,0],"2":[0,0]}}
,"N:\\Work\\reqs.ai\\backend\\src\\controllers\\authController.ts": {"path":"N:\\Work\\reqs.ai\\backend\\src\\controllers\\authController.ts","statementMap":{"0":{"start":{"line":2,"column":0},"end":{"line":2,"column":28}},"1":{"start":{"line":3,"column":0},"end":{"line":3,"column":31}},"2":{"start":{"line":4,"column":0},"end":{"line":4,"column":34}},"3":{"start":{"line":5,"column":0},"end":{"line":5,"column":41}},"4":{"start":{"line":6,"column":0},"end":{"line":6,"column":69}},"5":{"start":{"line":7,"column":0},"end":{"line":7,"column":31}},"6":{"start":{"line":8,"column":0},"end":{"line":8,"column":52}},"7":{"start":{"line":10,"column":22},"end":{"line":35,"column":1}},"8":{"start":{"line":11,"column":4},"end":{"line":34,"column":5}},"9":{"start":{"line":12,"column":24},"end":{"line":16,"column":10}},"10":{"start":{"line":19,"column":28},"end":{"line":19,"column":61}},"11":{"start":{"line":20,"column":8},"end":{"line":20,"column":58}},"12":{"start":{"line":22,"column":8},"end":{"line":26,"column":11}},"13":{"start":{"line":28,"column":8},"end":{"line":28,"column":43}},"14":{"start":{"line":30,"column":8},"end":{"line":32,"column":9}},"15":{"start":{"line":31,"column":12},"end":{"line":31,"column":67}},"16":{"start":{"line":33,"column":8},"end":{"line":33,"column":18}},"17":{"start":{"line":10,"column":13},"end":{"line":10,"column":22}},"18":{"start":{"line":37,"column":21},"end":{"line":58,"column":1}},"19":{"start":{"line":38,"column":4},"end":{"line":57,"column":5}},"20":{"start":{"line":39,"column":36},"end":{"line":39,"column":44}},"21":{"start":{"line":42,"column":8},"end":{"line":44,"column":9}},"22":{"start":{"line":43,"column":12},"end":{"line":43,"column":80}},"23":{"start":{"line":47,"column":21},"end":{"line":47,"column":70}},"24":{"start":{"line":49,"column":8},"end":{"line":51,"column":9}},"25":{"start":{"line":50,"column":12},"end":{"line":50,"column":74}},"26":{"start":{"line":54,"column":8},"end":{"line":54,"column":40}},"27":{"start":{"line":56,"column":8},"end":{"line":56,"column":18}},"28":{"start":{"line":37,"column":13},"end":{"line":37,"column":21}},"29":{"start":{"line":60,"column":22},"end":{"line":64,"column":1}},"30":{"start":{"line":63,"column":4},"end":{"line":63,"column":60}},"31":{"start":{"line":60,"column":13},"end":{"line":60,"column":22}},"32":{"start":{"line":66,"column":21},"end":{"line":69,"column":1}},"33":{"start":{"line":67,"column":4},"end":{"line":67,"column":67}},"34":{"start":{"line":67,"column":19},"end":{"line":67,"column":67}},"35":{"start":{"line":68,"column":4},"end":{"line":68,"column":47}},"36":{"start":{"line":66,"column":13},"end":{"line":66,"column":21}},"37":{"start":{"line":71,"column":30},"end":{"line":99,"column":1}},"38":{"start":{"line":72,"column":4},"end":{"line":98,"column":5}},"39":{"start":{"line":73,"column":21},"end":{"line":73,"column":66}},"40":{"start":{"line":74,"column":8},"end":{"line":76,"column":9}},"41":{"start":{"line":75,"column":12},"end":{"line":75,"column":88}},"42":{"start":{"line":78,"column":27},"end":{"line":78,"column":58}},"43":{"start":{"line":79,"column":8},"end":{"line":79,"column":55}},"44":{"start":{"line":81,"column":8},"end":{"line":95,"column":9}},"45":{"start":{"line":82,"column":12},"end":{"line":86,"column":15}},"46":{"start":{"line":88,"column":12},"end":{"line":88,"column":65}},"47":{"start":{"line":90,"column":12},"end":{"line":90,"column":48}},"48":{"start":{"line":91,"column":12},"end":{"line":91,"column":50}},"49":{"start":{"line":92,"column":12},"end":{"line":92,"column":59}},"50":{"start":{"line":94,"column":12},"end":{"line":94,"column":101}},"51":{"start":{"line":97,"column":8},"end":{"line":97,"column":18}},"52":{"start":{"line":71,"column":13},"end":{"line":71,"column":30}},"53":{"start":{"line":101,"column":29},"end":{"line":126,"column":1}},"54":{"start":{"line":102,"column":4},"end":{"line":125,"column":5}},"55":{"start":{"line":103,"column":28},"end":{"line":106,"column":26}},"56":{"start":{"line":108,"column":21},"end":{"line":111,"column":10}},"57":{"start":{"line":113,"column":8},"end":{"line":115,"column":9}},"58":{"start":{"line":114,"column":12},"end":{"line":114,"column":78}},"59":{"start":{"line":117,"column":8},"end":{"line":117,"column":42}},"60":{"start":{"line":118,"column":8},"end":{"line":118,"column":44}},"61":{"start":{"line":119,"column":8},"end":{"line":119,"column":46}},"62":{"start":{"line":120,"column":8},"end":{"line":120,"column":26}},"63":{"start":{"line":122,"column":8},"end":{"line":122,"column":40}},"64":{"start":{"line":124,"column":8},"end":{"line":124,"column":18}},"65":{"start":{"line":101,"column":13},"end":{"line":101,"column":29}},"66":{"start":{"line":128,"column":27},"end":{"line":153,"column":1}},"67":{"start":{"line":129,"column":4},"end":{"line":152,"column":5}},"68":{"start":{"line":130,"column":28},"end":{"line":133,"column":26}},"69":{"start":{"line":135,"column":21},"end":{"line":138,"column":10}},"70":{"start":{"line":140,"column":8},"end":{"line":142,"column":9}},"71":{"start":{"line":141,"column":12},"end":{"line":141,"column":78}},"72":{"start":{"line":144,"column":8},"end":{"line":144,"column":36}},"73":{"start":{"line":145,"column":8},"end":{"line":145,"column":43}},"74":{"start":{"line":146,"column":8},"end":{"line":146,"column":50}},"75":{"start":{"line":147,"column":8},"end":{"line":147,"column":55}},"76":{"start":{"line":149,"column":8},"end":{"line":149,"column":40}},"77":{"start":{"line":151,"column":8},"end":{"line":151,"column":18}},"78":{"start":{"line":128,"column":13},"end":{"line":128,"column":27}},"79":{"start":{"line":155,"column":23},"end":{"line":192,"column":1}},"80":{"start":{"line":156,"column":4},"end":{"line":191,"column":5}},"81":{"start":{"line":157,"column":33},"end":{"line":157,"column":41}},"82":{"start":{"line":158,"column":8},"end":{"line":160,"column":9}},"83":{"start":{"line":159,"column":12},"end":{"line":159,"column":77}},"84":{"start":{"line":175,"column":29},"end":{"line":180,"column":10}},"85":{"start":{"line":176,"column":12},"end":{"line":179,"column":15}},"86":{"start":{"line":177,"column":16},"end":{"line":177,"column":44}},"87":{"start":{"line":177,"column":25},"end":{"line":177,"column":44}},"88":{"start":{"line":178,"column":16},"end":{"line":178,"column":33}},"89":{"start":{"line":182,"column":28},"end":{"line":182,"column":59}},"90":{"start":{"line":183,"column":8},"end":{"line":185,"column":9}},"91":{"start":{"line":184,"column":12},"end":{"line":184,"column":101}},"92":{"start":{"line":188,"column":8},"end":{"line":188,"column":47}},"93":{"start":{"line":190,"column":8},"end":{"line":190,"column":57}},"94":{"start":{"line":155,"column":13},"end":{"line":155,"column":23}},"95":{"start":{"line":194,"column":34},"end":{"line":216,"column":1}},"96":{"start":{"line":195,"column":4},"end":{"line":215,"column":5}},"97":{"start":{"line":196,"column":26},"end":{"line":196,"column":34}},"98":{"start":{"line":197,"column":8},"end":{"line":197,"column":75}},"99":{"start":{"line":197,"column":20},"end":{"line":197,"column":75}},"100":{"start":{"line":199,"column":21},"end":{"line":199,"column":50}},"101":{"start":{"line":200,"column":8},"end":{"line":200,"column":68}},"102":{"start":{"line":200,"column":19},"end":{"line":200,"column":68}},"103":{"start":{"line":201,"column":8},"end":{"line":201,"column":91}},"104":{"start":{"line":201,"column":34},"end":{"line":201,"column":91}},"105":{"start":{"line":203,"column":28},"end":{"line":203,"column":58}},"106":{"start":{"line":204,"column":8},"end":{"line":204,"column":55}},"107":{"start":{"line":206,"column":8},"end":{"line":210,"column":11}},"108":{"start":{"line":212,"column":8},"end":{"line":212,"column":64}},"109":{"start":{"line":214,"column":8},"end":{"line":214,"column":18}},"110":{"start":{"line":194,"column":13},"end":{"line":194,"column":34}}},"fnMap":{"0":{"name":"(anonymous_1)","decl":{"start":{"line":10,"column":22},"end":{"line":10,"column":27}},"loc":{"start":{"line":10,"column":80},"end":{"line":35,"column":1}}},"1":{"name":"(anonymous_2)","decl":{"start":{"line":37,"column":21},"end":{"line":37,"column":26}},"loc":{"start":{"line":37,"column":79},"end":{"line":58,"column":1}}},"2":{"name":"(anonymous_3)","decl":{"start":{"line":60,"column":22},"end":{"line":60,"column":23}},"loc":{"start":{"line":60,"column":54},"end":{"line":64,"column":1}}},"3":{"name":"(anonymous_4)","decl":{"start":{"line":66,"column":21},"end":{"line":66,"column":22}},"loc":{"start":{"line":66,"column":73},"end":{"line":69,"column":1}}},"4":{"name":"(anonymous_5)","decl":{"start":{"line":71,"column":30},"end":{"line":71,"column":35}},"loc":{"start":{"line":71,"column":88},"end":{"line":99,"column":1}}},"5":{"name":"(anonymous_6)","decl":{"start":{"line":101,"column":29},"end":{"line":101,"column":34}},"loc":{"start":{"line":101,"column":87},"end":{"line":126,"column":1}}},"6":{"name":"(anonymous_7)","decl":{"start":{"line":128,"column":27},"end":{"line":128,"column":32}},"loc":{"start":{"line":128,"column":85},"end":{"line":153,"column":1}}},"7":{"name":"(anonymous_8)","decl":{"start":{"line":155,"column":23},"end":{"line":155,"column":28}},"loc":{"start":{"line":155,"column":81},"end":{"line":192,"column":1}}},"8":{"name":"(anonymous_9)","decl":{"start":{"line":175,"column":47},"end":{"line":175,"column":48}},"loc":{"start":{"line":175,"column":67},"end":{"line":180,"column":9}}},"9":{"name":"(anonymous_10)","decl":{"start":{"line":176,"column":55},"end":{"line":176,"column":56}},"loc":{"start":{"line":176,"column":82},"end":{"line":179,"column":13}}},"10":{"name":"(anonymous_11)","decl":{"start":{"line":194,"column":34},"end":{"line":194,"column":39}},"loc":{"start":{"line":194,"column":92},"end":{"line":216,"column":1}}}},"branchMap":{"0":{"loc":{"start":{"line":30,"column":8},"end":{"line":32,"column":9}},"type":"if","locations":[{"start":{"line":30,"column":8},"end":{"line":32,"column":9}},{"start":{},"end":{}}]},"1":{"loc":{"start":{"line":42,"column":8},"end":{"line":44,"column":9}},"type":"if","locations":[{"start":{"line":42,"column":8},"end":{"line":44,"column":9}},{"start":{},"end":{}}]},"2":{"loc":{"start":{"line":42,"column":12},"end":{"line":42,"column":31}},"type":"binary-expr","locations":[{"start":{"line":42,"column":12},"end":{"line":42,"column":18}},{"start":{"line":42,"column":22},"end":{"line":42,"column":31}}]},"3":{"loc":{"start":{"line":49,"column":8},"end":{"line":51,"column":9}},"type":"if","locations":[{"start":{"line":49,"column":8},"end":{"line":51,"column":9}},{"start":{},"end":{}}]},"4":{"loc":{"start":{"line":49,"column":12},"end":{"line":49,"column":60}},"type":"binary-expr","locations":[{"start":{"line":49,"column":12},"end":{"line":49,"column":17}},{"start":{"line":49,"column":21},"end":{"line":49,"column":60}}]},"5":{"loc":{"start":{"line":67,"column":4},"end":{"line":67,"column":67}},"type":"if","locations":[{"start":{"line":67,"column":4},"end":{"line":67,"column":67}},{"start":{},"end":{}}]},"6":{"loc":{"start":{"line":74,"column":8},"end":{"line":76,"column":9}},"type":"if","locations":[{"start":{"line":74,"column":8},"end":{"line":76,"column":9}},{"start":{},"end":{}}]},"7":{"loc":{"start":{"line":113,"column":8},"end":{"line":115,"column":9}},"type":"if","locations":[{"start":{"line":113,"column":8},"end":{"line":115,"column":9}},{"start":{},"end":{}}]},"8":{"loc":{"start":{"line":140,"column":8},"end":{"line":142,"column":9}},"type":"if","locations":[{"start":{"line":140,"column":8},"end":{"line":142,"column":9}},{"start":{},"end":{}}]},"9":{"loc":{"start":{"line":158,"column":8},"end":{"line":160,"column":9}},"type":"if","locations":[{"start":{"line":158,"column":8},"end":{"line":160,"column":9}},{"start":{},"end":{}}]},"10":{"loc":{"start":{"line":177,"column":16},"end":{"line":177,"column":44}},"type":"if","locations":[{"start":{"line":177,"column":16},"end":{"line":177,"column":44}},{"start":{},"end":{}}]},"11":{"loc":{"start":{"line":183,"column":8},"end":{"line":185,"column":9}},"type":"if","locations":[{"start":{"line":183,"column":8},"end":{"line":185,"column":9}},{"start":{},"end":{}}]},"12":{"loc":{"start":{"line":197,"column":8},"end":{"line":197,"column":75}},"type":"if","locations":[{"start":{"line":197,"column":8},"end":{"line":197,"column":75}},{"start":{},"end":{}}]},"13":{"loc":{"start":{"line":200,"column":8},"end":{"line":200,"column":68}},"type":"if","locations":[{"start":{"line":200,"column":8},"end":{"line":200,"column":68}},{"start":{},"end":{}}]},"14":{"loc":{"start":{"line":201,"column":8},"end":{"line":201,"column":91}},"type":"if","locations":[{"start":{"line":201,"column":8},"end":{"line":201,"column":91}},{"start":{},"end":{}}]}},"s":{"0":0,"1":0,"2":0,"3":0,"4":0,"5":0,"6":0,"7":0,"8":0,"9":0,"10":0,"11":0,"12":0,"13":0,"14":0,"15":0,"16":0,"17":0,"18":0,"19":0,"20":0,"21":0,"22":0,"23":0,"24":0,"25":0,"26":0,"27":0,"28":0,"29":0,"30":0,"31":0,"32":0,"33":0,"34":0,"35":0,"36":0,"37":0,"38":0,"39":0,"40":0,"41":0,"42":0,"43":0,"44":0,"45":0,"46":0,"47":0,"48":0,"49":0,"50":0,"51":0,"52":0,"53":0,"54":0,"55":0,"56":0,"57":0,"58":0,"59":0,"60":0,"61":0,"62":0,"63":0,"64":0,"65":0,"66":0,"67":0,"68":0,"69":0,"70":0,"71":0,"72":0,"73":0,"74":0,"75":0,"76":0,"77":0,"78":0,"79":0,"80":0,"81":0,"82":0,"83":0,"84":0,"85":0,"86":0,"87":0,"88":0,"89":0,"90":0,"91":0,"92":0,"93":0,"94":0,"95":0,"96":0,"97":0,"98":0,"99":0,"100":0,"101":0,"102":0,"103":0,"104":0,"105":0,"106":0,"107":0,"108":0,"109":0,"110":0},"f":{"0":0,"1":0,"2":0,"3":0,"4":0,"5":0,"6":0,"7":0,"8":0,"9":0,"10":0},"b":{"0":[0,0],"1":[0,0],"2":[0,0],"3":[0,0],"4":[0,0],"5":[0,0],"6":[0,0],"7":[0,0],"8":[0,0],"9":[0,0],"10":[0,0],"11":[0,0],"12":[0,0],"13":[0,0],"14":[0,0]}}
,"N:\\Work\\reqs.ai\\backend\\src\\controllers\\dashboardController.ts": {"path":"N:\\Work\\reqs.ai\\backend\\src\\controllers\\dashboardController.ts","statementMap":{"0":{"start":{"line":2,"column":0},"end":{"line":2,"column":34}},"1":{"start":{"line":3,"column":0},"end":{"line":3,"column":32}},"2":{"start":{"line":4,"column":0},"end":{"line":4,"column":52}},"3":{"start":{"line":6,"column":24},"end":{"line":48,"column":1}},"4":{"start":{"line":7,"column":4},"end":{"line":47,"column":5}},"5":{"start":{"line":8,"column":23},"end":{"line":8,"column":36}},"6":{"start":{"line":11,"column":26},"end":{"line":11,"column":81}},"7":{"start":{"line":12,"column":25},"end":{"line":12,"column":61}},"8":{"start":{"line":15,"column":28},"end":{"line":18,"column":48}},"9":{"start":{"line":21,"column":29},"end":{"line":21,"column":39}},"10":{"start":{"line":22,"column":8},"end":{"line":22,"column":32}},"11":{"start":{"line":23,"column":8},"end":{"line":23,"column":42}},"12":{"start":{"line":25,"column":31},"end":{"line":29,"column":10}},"13":{"start":{"line":31,"column":30},"end":{"line":34,"column":10}},"14":{"start":{"line":36,"column":8},"end":{"line":44,"column":11}},"15":{"start":{"line":46,"column":8},"end":{"line":46,"column":18}},"16":{"start":{"line":6,"column":13},"end":{"line":6,"column":24}}},"fnMap":{"0":{"name":"(anonymous_1)","decl":{"start":{"line":6,"column":24},"end":{"line":6,"column":29}},"loc":{"start":{"line":6,"column":82},"end":{"line":48,"column":1}}}},"branchMap":{},"s":{"0":0,"1":0,"2":0,"3":0,"4":0,"5":0,"6":0,"7":0,"8":0,"9":0,"10":0,"11":0,"12":0,"13":0,"14":0,"15":0,"16":0},"f":{"0":0},"b":{}}
,"N:\\Work\\reqs.ai\\backend\\src\\controllers\\feedback.controller.ts": {"path":"N:\\Work\\reqs.ai\\backend\\src\\controllers\\feedback.controller.ts","statementMap":{"0":{"start":{"line":2,"column":0},"end":{"line":2,"column":48}},"1":{"start":{"line":4,"column":30},"end":{"line":12,"column":1}},"2":{"start":{"line":5,"column":4},"end":{"line":11,"column":5}},"3":{"start":{"line":6,"column":49},"end":{"line":6,"column":57}},"4":{"start":{"line":7,"column":25},"end":{"line":7,"column":80}},"5":{"start":{"line":8,"column":8},"end":{"line":8,"column":72}},"6":{"start":{"line":10,"column":8},"end":{"line":10,"column":20}},"7":{"start":{"line":4,"column":13},"end":{"line":4,"column":30}},"8":{"start":{"line":14,"column":28},"end":{"line":21,"column":1}},"9":{"start":{"line":15,"column":4},"end":{"line":20,"column":5}},"10":{"start":{"line":16,"column":26},"end":{"line":16,"column":71}},"11":{"start":{"line":17,"column":8},"end":{"line":17,"column":100}},"12":{"start":{"line":19,"column":8},"end":{"line":19,"column":20}},"13":{"start":{"line":14,"column":13},"end":{"line":14,"column":28}}},"fnMap":{"0":{"name":"(anonymous_1)","decl":{"start":{"line":4,"column":30},"end":{"line":4,"column":35}},"loc":{"start":{"line":4,"column":88},"end":{"line":12,"column":1}}},"1":{"name":"(anonymous_2)","decl":{"start":{"line":14,"column":28},"end":{"line":14,"column":33}},"loc":{"start":{"line":14,"column":86},"end":{"line":21,"column":1}}}},"branchMap":{},"s":{"0":0,"1":0,"2":0,"3":0,"4":0,"5":0,"6":0,"7":0,"8":0,"9":0,"10":0,"11":0,"12":0,"13":0},"f":{"0":0,"1":0},"b":{}}
,"N:\\Work\\reqs.ai\\backend\\src\\controllers\\planController.ts": {"path":"N:\\Work\\reqs.ai\\backend\\src\\controllers\\planController.ts","statementMap":{"0":{"start":{"line":2,"column":0},"end":{"line":2,"column":34}},"1":{"start":{"line":3,"column":0},"end":{"line":3,"column":38}},"2":{"start":{"line":4,"column":0},"end":{"line":4,"column":65}},"3":{"start":{"line":5,"column":0},"end":{"line":5,"column":46}},"4":{"start":{"line":6,"column":0},"end":{"line":6,"column":52}},"5":{"start":{"line":7,"column":0},"end":{"line":7,"column":41}},"6":{"start":{"line":9,"column":26},"end":{"line":49,"column":1}},"7":{"start":{"line":10,"column":4},"end":{"line":48,"column":5}},"8":{"start":{"line":11,"column":41},"end":{"line":11,"column":49}},"9":{"start":{"line":13,"column":8},"end":{"line":15,"column":9}},"10":{"start":{"line":14,"column":12},"end":{"line":14,"column":81}},"11":{"start":{"line":18,"column":26},"end":{"line":18,"column":104}},"12":{"start":{"line":19,"column":8},"end":{"line":21,"column":9}},"13":{"start":{"line":20,"column":12},"end":{"line":20,"column":112}},"14":{"start":{"line":24,"column":24},"end":{"line":29,"column":10}},"15":{"start":{"line":32,"column":8},"end":{"line":45,"column":9}},"16":{"start":{"line":33,"column":33},"end":{"line":33,"column":55}},"17":{"start":{"line":34,"column":37},"end":{"line":34,"column":87}},"18":{"start":{"line":36,"column":12},"end":{"line":36,"column":53}},"19":{"start":{"line":37,"column":12},"end":{"line":37,"column":41}},"20":{"start":{"line":38,"column":12},"end":{"line":38,"column":33}},"21":{"start":{"line":40,"column":12},"end":{"line":40,"column":44}},"22":{"start":{"line":42,"column":12},"end":{"line":42,"column":38}},"23":{"start":{"line":43,"column":12},"end":{"line":43,"column":33}},"24":{"start":{"line":44,"column":12},"end":{"line":44,"column":87}},"25":{"start":{"line":47,"column":8},"end":{"line":47,"column":18}},"26":{"start":{"line":9,"column":13},"end":{"line":9,"column":26}},"27":{"start":{"line":51,"column":24},"end":{"line":88,"column":1}},"28":{"start":{"line":52,"column":4},"end":{"line":87,"column":5}},"29":{"start":{"line":53,"column":21},"end":{"line":53,"column":60}},"30":{"start":{"line":54,"column":22},"end":{"line":54,"column":63}},"31":{"start":{"line":55,"column":21},"end":{"line":55,"column":39}},"32":{"start":{"line":57,"column":42},"end":{"line":57,"column":51}},"33":{"start":{"line":58,"column":28},"end":{"line":58,"column":71}},"34":{"start":{"line":60,"column":8},"end":{"line":62,"column":9}},"35":{"start":{"line":61,"column":12},"end":{"line":61,"column":35}},"36":{"start":{"line":64,"column":33},"end":{"line":64,"column":35}},"37":{"start":{"line":65,"column":8},"end":{"line":69,"column":9}},"38":{"start":{"line":66,"column":12},"end":{"line":66,"column":69}},"39":{"start":{"line":68,"column":12},"end":{"line":68,"column":39}},"40":{"start":{"line":71,"column":22},"end":{"line":74,"column":25}},"41":{"start":{"line":76,"column":22},"end":{"line":76,"column":55}},"42":{"start":{"line":78,"column":8},"end":{"line":84,"column":11}},"43":{"start":{"line":86,"column":8},"end":{"line":86,"column":18}},"44":{"start":{"line":51,"column":13},"end":{"line":51,"column":24}},"45":{"start":{"line":90,"column":23},"end":{"line":102,"column":1}},"46":{"start":{"line":91,"column":4},"end":{"line":101,"column":5}},"47":{"start":{"line":92,"column":21},"end":{"line":92,"column":104}},"48":{"start":{"line":94,"column":8},"end":{"line":96,"column":9}},"49":{"start":{"line":95,"column":12},"end":{"line":95,"column":61}},"50":{"start":{"line":98,"column":8},"end":{"line":98,"column":37}},"51":{"start":{"line":100,"column":8},"end":{"line":100,"column":18}},"52":{"start":{"line":90,"column":13},"end":{"line":90,"column":23}},"53":{"start":{"line":104,"column":26},"end":{"line":122,"column":1}},"54":{"start":{"line":105,"column":4},"end":{"line":121,"column":5}},"55":{"start":{"line":106,"column":21},"end":{"line":106,"column":104}},"56":{"start":{"line":108,"column":8},"end":{"line":110,"column":9}},"57":{"start":{"line":109,"column":12},"end":{"line":109,"column":61}},"58":{"start":{"line":113,"column":8},"end":{"line":113,"column":80}},"59":{"start":{"line":113,"column":36},"end":{"line":113,"column":80}},"60":{"start":{"line":114,"column":8},"end":{"line":114,"column":71}},"61":{"start":{"line":114,"column":33},"end":{"line":114,"column":71}},"62":{"start":{"line":116,"column":8},"end":{"line":116,"column":26}},"63":{"start":{"line":118,"column":8},"end":{"line":118,"column":37}},"64":{"start":{"line":120,"column":8},"end":{"line":120,"column":18}},"65":{"start":{"line":104,"column":13},"end":{"line":104,"column":26}},"66":{"start":{"line":124,"column":26},"end":{"line":139,"column":1}},"67":{"start":{"line":125,"column":4},"end":{"line":138,"column":5}},"68":{"start":{"line":126,"column":21},"end":{"line":126,"column":86}},"69":{"start":{"line":128,"column":8},"end":{"line":130,"column":9}},"70":{"start":{"line":129,"column":12},"end":{"line":129,"column":61}},"71":{"start":{"line":132,"column":8},"end":{"line":132,"column":30}},"72":{"start":{"line":133,"column":8},"end":{"line":133,"column":26}},"73":{"start":{"line":135,"column":8},"end":{"line":135,"column":37}},"74":{"start":{"line":137,"column":8},"end":{"line":137,"column":18}},"75":{"start":{"line":124,"column":13},"end":{"line":124,"column":26}}},"fnMap":{"0":{"name":"(anonymous_1)","decl":{"start":{"line":9,"column":26},"end":{"line":9,"column":31}},"loc":{"start":{"line":9,"column":84},"end":{"line":49,"column":1}}},"1":{"name":"(anonymous_2)","decl":{"start":{"line":51,"column":24},"end":{"line":51,"column":29}},"loc":{"start":{"line":51,"column":82},"end":{"line":88,"column":1}}},"2":{"name":"(anonymous_3)","decl":{"start":{"line":90,"column":23},"end":{"line":90,"column":28}},"loc":{"start":{"line":90,"column":81},"end":{"line":102,"column":1}}},"3":{"name":"(anonymous_4)","decl":{"start":{"line":104,"column":26},"end":{"line":104,"column":31}},"loc":{"start":{"line":104,"column":84},"end":{"line":122,"column":1}}},"4":{"name":"(anonymous_5)","decl":{"start":{"line":124,"column":26},"end":{"line":124,"column":31}},"loc":{"start":{"line":124,"column":84},"end":{"line":139,"column":1}}}},"branchMap":{"0":{"loc":{"start":{"line":13,"column":8},"end":{"line":15,"column":9}},"type":"if","locations":[{"start":{"line":13,"column":8},"end":{"line":15,"column":9}},{"start":{},"end":{}}]},"1":{"loc":{"start":{"line":19,"column":8},"end":{"line":21,"column":9}},"type":"if","locations":[{"start":{"line":19,"column":8},"end":{"line":21,"column":9}},{"start":{},"end":{}}]},"2":{"loc":{"start":{"line":27,"column":24},"end":{"line":27,"column":47}},"type":"binary-expr","locations":[{"start":{"line":27,"column":24},"end":{"line":27,"column":34}},{"start":{"line":27,"column":38},"end":{"line":27,"column":47}}]},"3":{"loc":{"start":{"line":53,"column":21},"end":{"line":53,"column":60}},"type":"binary-expr","locations":[{"start":{"line":53,"column":21},"end":{"line":53,"column":55}},{"start":{"line":53,"column":59},"end":{"line":53,"column":60}}]},"4":{"loc":{"start":{"line":54,"column":22},"end":{"line":54,"column":63}},"type":"binary-expr","locations":[{"start":{"line":54,"column":22},"end":{"line":54,"column":57}},{"start":{"line":54,"column":61},"end":{"line":54,"column":63}}]},"5":{"loc":{"start":{"line":60,"column":8},"end":{"line":62,"column":9}},"type":"if","locations":[{"start":{"line":60,"column":8},"end":{"line":62,"column":9}},{"start":{},"end":{}}]},"6":{"loc":{"start":{"line":65,"column":8},"end":{"line":69,"column":9}},"type":"if","locations":[{"start":{"line":65,"column":8},"end":{"line":69,"column":9}},{"start":{"line":67,"column":15},"end":{"line":69,"column":9}}]},"7":{"loc":{"start":{"line":66,"column":44},"end":{"line":66,"column":68}},"type":"cond-expr","locations":[{"start":{"line":66,"column":62},"end":{"line":66,"column":63}},{"start":{"line":66,"column":66},"end":{"line":66,"column":68}}]},"8":{"loc":{"start":{"line":94,"column":8},"end":{"line":96,"column":9}},"type":"if","locations":[{"start":{"line":94,"column":8},"end":{"line":96,"column":9}},{"start":{},"end":{}}]},"9":{"loc":{"start":{"line":108,"column":8},"end":{"line":110,"column":9}},"type":"if","locations":[{"start":{"line":108,"column":8},"end":{"line":110,"column":9}},{"start":{},"end":{}}]},"10":{"loc":{"start":{"line":113,"column":8},"end":{"line":113,"column":80}},"type":"if","locations":[{"start":{"line":113,"column":8},"end":{"line":113,"column":80}},{"start":{},"end":{}}]},"11":{"loc":{"start":{"line":114,"column":8},"end":{"line":114,"column":71}},"type":"if","locations":[{"start":{"line":114,"column":8},"end":{"line":114,"column":71}},{"start":{},"end":{}}]},"12":{"loc":{"start":{"line":128,"column":8},"end":{"line":130,"column":9}},"type":"if","locations":[{"start":{"line":128,"column":8},"end":{"line":130,"column":9}},{"start":{},"end":{}}]}},"s":{"0":0,"1":0,"2":0,"3":0,"4":0,"5":0,"6":0,"7":0,"8":0,"9":0,"10":0,"11":0,"12":0,"13":0,"14":0,"15":0,"16":0,"17":0,"18":0,"19":0,"20":0,"21":0,"22":0,"23":0,"24":0,"25":0,"26":0,"27":0,"28":0,"29":0,"30":0,"31":0,"32":0,"33":0,"34":0,"35":0,"36":0,"37":0,"38":0,"39":0,"40":0,"41":0,"42":0,"43":0,"44":0,"45":0,"46":0,"47":0,"48":0,"49":0,"50":0,"51":0,"52":0,"53":0,"54":0,"55":0,"56":0,"57":0,"58":0,"59":0,"60":0,"61":0,"62":0,"63":0,"64":0,"65":0,"66":0,"67":0,"68":0,"69":0,"70":0,"71":0,"72":0,"73":0,"74":0,"75":0},"f":{"0":0,"1":0,"2":0,"3":0,"4":0},"b":{"0":[0,0],"1":[0,0],"2":[0,0],"3":[0,0],"4":[0,0],"5":[0,0],"6":[0,0],"7":[0,0],"8":[0,0],"9":[0,0],"10":[0,0],"11":[0,0],"12":[0,0]}}
,"N:\\Work\\reqs.ai\\backend\\src\\controllers\\prdController.ts": {"path":"N:\\Work\\reqs.ai\\backend\\src\\controllers\\prdController.ts","statementMap":{"0":{"start":{"line":2,"column":0},"end":{"line":2,"column":32}},"1":{"start":{"line":3,"column":0},"end":{"line":3,"column":34}},"2":{"start":{"line":4,"column":0},"end":{"line":4,"column":38}},"3":{"start":{"line":5,"column":0},"end":{"line":5,"column":61}},"4":{"start":{"line":6,"column":0},"end":{"line":6,"column":74}},"5":{"start":{"line":7,"column":0},"end":{"line":7,"column":46}},"6":{"start":{"line":8,"column":0},"end":{"line":8,"column":52}},"7":{"start":{"line":9,"column":0},"end":{"line":9,"column":41}},"8":{"start":{"line":11,"column":27},"end":{"line":56,"column":1}},"9":{"start":{"line":12,"column":4},"end":{"line":55,"column":5}},"10":{"start":{"line":13,"column":27},"end":{"line":13,"column":37}},"11":{"start":{"line":16,"column":21},"end":{"line":16,"column":97}},"12":{"start":{"line":17,"column":8},"end":{"line":17,"column":68}},"13":{"start":{"line":17,"column":19},"end":{"line":17,"column":68}},"14":{"start":{"line":19,"column":8},"end":{"line":21,"column":9}},"15":{"start":{"line":20,"column":12},"end":{"line":20,"column":93}},"16":{"start":{"line":24,"column":26},"end":{"line":24,"column":104}},"17":{"start":{"line":25,"column":8},"end":{"line":27,"column":9}},"18":{"start":{"line":26,"column":12},"end":{"line":26,"column":70}},"19":{"start":{"line":30,"column":23},"end":{"line":34,"column":10}},"20":{"start":{"line":37,"column":8},"end":{"line":52,"column":9}},"21":{"start":{"line":38,"column":33},"end":{"line":38,"column":55}},"22":{"start":{"line":39,"column":31},"end":{"line":39,"column":90}},"23":{"start":{"line":41,"column":12},"end":{"line":41,"column":40}},"24":{"start":{"line":42,"column":12},"end":{"line":42,"column":63}},"25":{"start":{"line":43,"column":12},"end":{"line":43,"column":40}},"26":{"start":{"line":44,"column":12},"end":{"line":44,"column":65}},"27":{"start":{"line":45,"column":12},"end":{"line":45,"column":32}},"28":{"start":{"line":47,"column":12},"end":{"line":47,"column":43}},"29":{"start":{"line":49,"column":12},"end":{"line":49,"column":37}},"30":{"start":{"line":50,"column":12},"end":{"line":50,"column":32}},"31":{"start":{"line":51,"column":12},"end":{"line":51,"column":86}},"32":{"start":{"line":54,"column":8},"end":{"line":54,"column":18}},"33":{"start":{"line":11,"column":13},"end":{"line":11,"column":27}},"34":{"start":{"line":58,"column":23},"end":{"line":95,"column":1}},"35":{"start":{"line":59,"column":4},"end":{"line":94,"column":5}},"36":{"start":{"line":60,"column":21},"end":{"line":60,"column":60}},"37":{"start":{"line":61,"column":22},"end":{"line":61,"column":63}},"38":{"start":{"line":62,"column":21},"end":{"line":62,"column":39}},"39":{"start":{"line":64,"column":50},"end":{"line":64,"column":59}},"40":{"start":{"line":65,"column":28},"end":{"line":65,"column":53}},"41":{"start":{"line":67,"column":8},"end":{"line":67,"column":43}},"42":{"start":{"line":67,"column":20},"end":{"line":67,"column":43}},"43":{"start":{"line":68,"column":8},"end":{"line":68,"column":43}},"44":{"start":{"line":68,"column":20},"end":{"line":68,"column":43}},"45":{"start":{"line":70,"column":33},"end":{"line":70,"column":35}},"46":{"start":{"line":71,"column":8},"end":{"line":75,"column":9}},"47":{"start":{"line":72,"column":12},"end":{"line":72,"column":69}},"48":{"start":{"line":74,"column":12},"end":{"line":74,"column":39}},"49":{"start":{"line":77,"column":21},"end":{"line":81,"column":25}},"50":{"start":{"line":83,"column":22},"end":{"line":83,"column":54}},"51":{"start":{"line":85,"column":8},"end":{"line":91,"column":11}},"52":{"start":{"line":93,"column":8},"end":{"line":93,"column":18}},"53":{"start":{"line":58,"column":13},"end":{"line":58,"column":23}},"54":{"start":{"line":97,"column":22},"end":{"line":108,"column":1}},"55":{"start":{"line":98,"column":4},"end":{"line":107,"column":5}},"56":{"start":{"line":99,"column":20},"end":{"line":100,"column":43}},"57":{"start":{"line":102,"column":8},"end":{"line":102,"column":66}},"58":{"start":{"line":102,"column":18},"end":{"line":102,"column":66}},"59":{"start":{"line":104,"column":8},"end":{"line":104,"column":36}},"60":{"start":{"line":106,"column":8},"end":{"line":106,"column":18}},"61":{"start":{"line":97,"column":13},"end":{"line":97,"column":22}},"62":{"start":{"line":110,"column":25},"end":{"line":136,"column":1}},"63":{"start":{"line":111,"column":4},"end":{"line":135,"column":5}},"64":{"start":{"line":112,"column":23},"end":{"line":112,"column":33}},"65":{"start":{"line":113,"column":27},"end":{"line":113,"column":36}},"66":{"start":{"line":115,"column":20},"end":{"line":115,"column":73}},"67":{"start":{"line":116,"column":8},"end":{"line":116,"column":66}},"68":{"start":{"line":116,"column":18},"end":{"line":116,"column":66}},"69":{"start":{"line":117,"column":8},"end":{"line":117,"column":79}},"70":{"start":{"line":117,"column":26},"end":{"line":117,"column":79}},"71":{"start":{"line":119,"column":8},"end":{"line":132,"column":9}},"72":{"start":{"line":120,"column":27},"end":{"line":120,"column":57}},"73":{"start":{"line":121,"column":12},"end":{"line":121,"column":61}},"74":{"start":{"line":122,"column":12},"end":{"line":122,"column":92}},"75":{"start":{"line":123,"column":12},"end":{"line":123,"column":29}},"76":{"start":{"line":124,"column":15},"end":{"line":132,"column":9}},"77":{"start":{"line":125,"column":29},"end":{"line":125,"column":58}},"78":{"start":{"line":126,"column":12},"end":{"line":126,"column":59}},"79":{"start":{"line":127,"column":12},"end":{"line":127,"column":91}},"80":{"start":{"line":128,"column":12},"end":{"line":128,"column":31}},"81":{"start":{"line":131,"column":12},"end":{"line":131,"column":48}},"82":{"start":{"line":134,"column":8},"end":{"line":134,"column":18}},"83":{"start":{"line":110,"column":13},"end":{"line":110,"column":25}}},"fnMap":{"0":{"name":"(anonymous_1)","decl":{"start":{"line":11,"column":27},"end":{"line":11,"column":32}},"loc":{"start":{"line":11,"column":85},"end":{"line":56,"column":1}}},"1":{"name":"(anonymous_2)","decl":{"start":{"line":58,"column":23},"end":{"line":58,"column":28}},"loc":{"start":{"line":58,"column":81},"end":{"line":95,"column":1}}},"2":{"name":"(anonymous_3)","decl":{"start":{"line":97,"column":22},"end":{"line":97,"column":27}},"loc":{"start":{"line":97,"column":80},"end":{"line":108,"column":1}}},"3":{"name":"(anonymous_4)","decl":{"start":{"line":110,"column":25},"end":{"line":110,"column":30}},"loc":{"start":{"line":110,"column":83},"end":{"line":136,"column":1}}}},"branchMap":{"0":{"loc":{"start":{"line":17,"column":8},"end":{"line":17,"column":68}},"type":"if","locations":[{"start":{"line":17,"column":8},"end":{"line":17,"column":68}},{"start":{},"end":{}}]},"1":{"loc":{"start":{"line":19,"column":8},"end":{"line":21,"column":9}},"type":"if","locations":[{"start":{"line":19,"column":8},"end":{"line":21,"column":9}},{"start":{},"end":{}}]},"2":{"loc":{"start":{"line":19,"column":12},"end":{"line":19,"column":62}},"type":"binary-expr","locations":[{"start":{"line":19,"column":12},"end":{"line":19,"column":39}},{"start":{"line":19,"column":43},"end":{"line":19,"column":62}}]},"3":{"loc":{"start":{"line":25,"column":8},"end":{"line":27,"column":9}},"type":"if","locations":[{"start":{"line":25,"column":8},"end":{"line":27,"column":9}},{"start":{},"end":{}}]},"4":{"loc":{"start":{"line":42,"column":27},"end":{"line":42,"column":62}},"type":"binary-expr","locations":[{"start":{"line":42,"column":27},"end":{"line":42,"column":43}},{"start":{"line":42,"column":47},"end":{"line":42,"column":62}}]},"5":{"loc":{"start":{"line":60,"column":21},"end":{"line":60,"column":60}},"type":"binary-expr","locations":[{"start":{"line":60,"column":21},"end":{"line":60,"column":55}},{"start":{"line":60,"column":59},"end":{"line":60,"column":60}}]},"6":{"loc":{"start":{"line":61,"column":22},"end":{"line":61,"column":63}},"type":"binary-expr","locations":[{"start":{"line":61,"column":22},"end":{"line":61,"column":57}},{"start":{"line":61,"column":61},"end":{"line":61,"column":63}}]},"7":{"loc":{"start":{"line":67,"column":8},"end":{"line":67,"column":43}},"type":"if","locations":[{"start":{"line":67,"column":8},"end":{"line":67,"column":43}},{"start":{},"end":{}}]},"8":{"loc":{"start":{"line":68,"column":8},"end":{"line":68,"column":43}},"type":"if","locations":[{"start":{"line":68,"column":8},"end":{"line":68,"column":43}},{"start":{},"end":{}}]},"9":{"loc":{"start":{"line":71,"column":8},"end":{"line":75,"column":9}},"type":"if","locations":[{"start":{"line":71,"column":8},"end":{"line":75,"column":9}},{"start":{"line":73,"column":15},"end":{"line":75,"column":9}}]},"10":{"loc":{"start":{"line":72,"column":44},"end":{"line":72,"column":68}},"type":"cond-expr","locations":[{"start":{"line":72,"column":62},"end":{"line":72,"column":63}},{"start":{"line":72,"column":66},"end":{"line":72,"column":68}}]},"11":{"loc":{"start":{"line":102,"column":8},"end":{"line":102,"column":66}},"type":"if","locations":[{"start":{"line":102,"column":8},"end":{"line":102,"column":66}},{"start":{},"end":{}}]},"12":{"loc":{"start":{"line":116,"column":8},"end":{"line":116,"column":66}},"type":"if","locations":[{"start":{"line":116,"column":8},"end":{"line":116,"column":66}},{"start":{},"end":{}}]},"13":{"loc":{"start":{"line":117,"column":8},"end":{"line":117,"column":79}},"type":"if","locations":[{"start":{"line":117,"column":8},"end":{"line":117,"column":79}},{"start":{},"end":{}}]},"14":{"loc":{"start":{"line":119,"column":8},"end":{"line":132,"column":9}},"type":"if","locations":[{"start":{"line":119,"column":8},"end":{"line":132,"column":9}},{"start":{"line":124,"column":15},"end":{"line":132,"column":9}}]},"15":{"loc":{"start":{"line":124,"column":15},"end":{"line":132,"column":9}},"type":"if","locations":[{"start":{"line":124,"column":15},"end":{"line":132,"column":9}},{"start":{"line":129,"column":15},"end":{"line":132,"column":9}}]}},"s":{"0":0,"1":0,"2":0,"3":0,"4":0,"5":0,"6":0,"7":0,"8":0,"9":0,"10":0,"11":0,"12":0,"13":0,"14":0,"15":0,"16":0,"17":0,"18":0,"19":0,"20":0,"21":0,"22":0,"23":0,"24":0,"25":0,"26":0,"27":0,"28":0,"29":0,"30":0,"31":0,"32":0,"33":0,"34":0,"35":0,"36":0,"37":0,"38":0,"39":0,"40":0,"41":0,"42":0,"43":0,"44":0,"45":0,"46":0,"47":0,"48":0,"49":0,"50":0,"51":0,"52":0,"53":0,"54":0,"55":0,"56":0,"57":0,"58":0,"59":0,"60":0,"61":0,"62":0,"63":0,"64":0,"65":0,"66":0,"67":0,"68":0,"69":0,"70":0,"71":0,"72":0,"73":0,"74":0,"75":0,"76":0,"77":0,"78":0,"79":0,"80":0,"81":0,"82":0,"83":0},"f":{"0":0,"1":0,"2":0,"3":0},"b":{"0":[0,0],"1":[0,0],"2":[0,0],"3":[0,0],"4":[0,0],"5":[0,0],"6":[0,0],"7":[0,0],"8":[0,0],"9":[0,0],"10":[0,0],"11":[0,0],"12":[0,0],"13":[0,0],"14":[0,0],"15":[0,0]}}
,"N:\\Work\\reqs.ai\\backend\\src\\controllers\\searchController.ts": {"path":"N:\\Work\\reqs.ai\\backend\\src\\controllers\\searchController.ts","statementMap":{"0":{"start":{"line":2,"column":0},"end":{"line":2,"column":34}},"1":{"start":{"line":3,"column":0},"end":{"line":3,"column":32}},"2":{"start":{"line":4,"column":0},"end":{"line":4,"column":52}},"3":{"start":{"line":6,"column":22},"end":{"line":49,"column":1}},"4":{"start":{"line":7,"column":4},"end":{"line":48,"column":5}},"5":{"start":{"line":8,"column":28},"end":{"line":8,"column":37}},"6":{"start":{"line":9,"column":22},"end":{"line":9,"column":33}},"7":{"start":{"line":10,"column":23},"end":{"line":10,"column":36}},"8":{"start":{"line":12,"column":8},"end":{"line":14,"column":9}},"9":{"start":{"line":13,"column":12},"end":{"line":13,"column":46}},"10":{"start":{"line":16,"column":29},"end":{"line":16,"column":31}},"11":{"start":{"line":18,"column":8},"end":{"line":27,"column":9}},"12":{"start":{"line":19,"column":26},"end":{"line":24,"column":26}},"13":{"start":{"line":26,"column":12},"end":{"line":26,"column":81}},"14":{"start":{"line":26,"column":44},"end":{"line":26,"column":77}},"15":{"start":{"line":29,"column":8},"end":{"line":38,"column":9}},"16":{"start":{"line":30,"column":25},"end":{"line":35,"column":26}},"17":{"start":{"line":37,"column":12},"end":{"line":37,"column":79}},"18":{"start":{"line":37,"column":43},"end":{"line":37,"column":75}},"19":{"start":{"line":41,"column":8},"end":{"line":43,"column":9}},"20":{"start":{"line":42,"column":12},"end":{"line":42,"column":68}},"21":{"start":{"line":42,"column":35},"end":{"line":42,"column":66}},"22":{"start":{"line":45,"column":8},"end":{"line":45,"column":40}},"23":{"start":{"line":47,"column":8},"end":{"line":47,"column":18}},"24":{"start":{"line":6,"column":13},"end":{"line":6,"column":22}}},"fnMap":{"0":{"name":"(anonymous_1)","decl":{"start":{"line":6,"column":22},"end":{"line":6,"column":27}},"loc":{"start":{"line":6,"column":80},"end":{"line":49,"column":1}}},"1":{"name":"(anonymous_2)","decl":{"start":{"line":26,"column":38},"end":{"line":26,"column":39}},"loc":{"start":{"line":26,"column":44},"end":{"line":26,"column":77}}},"2":{"name":"(anonymous_3)","decl":{"start":{"line":37,"column":37},"end":{"line":37,"column":38}},"loc":{"start":{"line":37,"column":43},"end":{"line":37,"column":75}}},"3":{"name":"(anonymous_4)","decl":{"start":{"line":42,"column":25},"end":{"line":42,"column":26}},"loc":{"start":{"line":42,"column":35},"end":{"line":42,"column":66}}}},"branchMap":{"0":{"loc":{"start":{"line":12,"column":8},"end":{"line":14,"column":9}},"type":"if","locations":[{"start":{"line":12,"column":8},"end":{"line":14,"column":9}},{"start":{},"end":{}}]},"1":{"loc":{"start":{"line":12,"column":12},"end":{"line":12,"column":38}},"type":"binary-expr","locations":[{"start":{"line":12,"column":12},"end":{"line":12,"column":18}},{"start":{"line":12,"column":22},"end":{"line":12,"column":38}}]},"2":{"loc":{"start":{"line":18,"column":8},"end":{"line":27,"column":9}},"type":"if","locations":[{"start":{"line":18,"column":8},"end":{"line":27,"column":9}},{"start":{},"end":{}}]},"3":{"loc":{"start":{"line":18,"column":12},"end":{"line":18,"column":36}},"type":"binary-expr","locations":[{"start":{"line":18,"column":12},"end":{"line":18,"column":17}},{"start":{"line":18,"column":21},"end":{"line":18,"column":36}}]},"4":{"loc":{"start":{"line":29,"column":8},"end":{"line":38,"column":9}},"type":"if","locations":[{"start":{"line":29,"column":8},"end":{"line":38,"column":9}},{"start":{},"end":{}}]},"5":{"loc":{"start":{"line":29,"column":12},"end":{"line":29,"column":35}},"type":"binary-expr","locations":[{"start":{"line":29,"column":12},"end":{"line":29,"column":17}},{"start":{"line":29,"column":21},"end":{"line":29,"column":35}}]},"6":{"loc":{"start":{"line":41,"column":8},"end":{"line":43,"column":9}},"type":"if","locations":[{"start":{"line":41,"column":8},"end":{"line":43,"column":9}},{"start":{},"end":{}}]},"7":{"loc":{"start":{"line":42,"column":36},"end":{"line":42,"column":48}},"type":"binary-expr","locations":[{"start":{"line":42,"column":36},"end":{"line":42,"column":43}},{"start":{"line":42,"column":47},"end":{"line":42,"column":48}}]},"8":{"loc":{"start":{"line":42,"column":53},"end":{"line":42,"column":65}},"type":"binary-expr","locations":[{"start":{"line":42,"column":53},"end":{"line":42,"column":60}},{"start":{"line":42,"column":64},"end":{"line":42,"column":65}}]}},"s":{"0":0,"1":0,"2":0,"3":0,"4":0,"5":0,"6":0,"7":0,"8":0,"9":0,"10":0,"11":0,"12":0,"13":0,"14":0,"15":0,"16":0,"17":0,"18":0,"19":0,"20":0,"21":0,"22":0,"23":0,"24":0},"f":{"0":0,"1":0,"2":0,"3":0},"b":{"0":[0,0],"1":[0,0],"2":[0,0],"3":[0,0],"4":[0,0],"5":[0,0],"6":[0,0],"7":[0,0],"8":[0,0]}}
,"N:\\Work\\reqs.ai\\backend\\src\\controllers\\userController.ts": {"path":"N:\\Work\\reqs.ai\\backend\\src\\controllers\\userController.ts","statementMap":{"0":{"start":{"line":2,"column":0},"end":{"line":2,"column":34}},"1":{"start":{"line":3,"column":0},"end":{"line":3,"column":41}},"2":{"start":{"line":4,"column":0},"end":{"line":4,"column":52}},"3":{"start":{"line":6,"column":21},"end":{"line":13,"column":1}},"4":{"start":{"line":7,"column":4},"end":{"line":12,"column":5}},"5":{"start":{"line":8,"column":21},"end":{"line":8,"column":55}},"6":{"start":{"line":9,"column":8},"end":{"line":9,"column":37}},"7":{"start":{"line":11,"column":8},"end":{"line":11,"column":18}},"8":{"start":{"line":6,"column":13},"end":{"line":6,"column":21}},"9":{"start":{"line":15,"column":24},"end":{"line":39,"column":1}},"10":{"start":{"line":16,"column":4},"end":{"line":38,"column":5}},"11":{"start":{"line":18,"column":8},"end":{"line":20,"column":9}},"12":{"start":{"line":19,"column":12},"end":{"line":19,"column":116}},"13":{"start":{"line":23,"column":30},"end":{"line":23,"column":47}},"14":{"start":{"line":24,"column":34},"end":{"line":24,"column":36}},"15":{"start":{"line":25,"column":8},"end":{"line":27,"column":11}},"16":{"start":{"line":26,"column":12},"end":{"line":26,"column":76}},"17":{"start":{"line":26,"column":44},"end":{"line":26,"column":76}},"18":{"start":{"line":30,"column":28},"end":{"line":33,"column":10}},"19":{"start":{"line":35,"column":8},"end":{"line":35,"column":44}},"20":{"start":{"line":37,"column":8},"end":{"line":37,"column":18}},"21":{"start":{"line":15,"column":13},"end":{"line":15,"column":24}},"22":{"start":{"line":41,"column":30},"end":{"line":71,"column":1}},"23":{"start":{"line":42,"column":4},"end":{"line":70,"column":5}},"24":{"start":{"line":44,"column":21},"end":{"line":44,"column":75}},"25":{"start":{"line":45,"column":8},"end":{"line":45,"column":68}},"26":{"start":{"line":45,"column":19},"end":{"line":45,"column":68}},"27":{"start":{"line":48,"column":49},"end":{"line":48,"column":57}},"28":{"start":{"line":49,"column":8},"end":{"line":51,"column":9}},"29":{"start":{"line":50,"column":12},"end":{"line":50,"column":86}},"30":{"start":{"line":53,"column":8},"end":{"line":55,"column":9}},"31":{"start":{"line":54,"column":12},"end":{"line":54,"column":73}},"32":{"start":{"line":58,"column":8},"end":{"line":58,"column":36}},"33":{"start":{"line":59,"column":8},"end":{"line":59,"column":26}},"34":{"start":{"line":67,"column":8},"end":{"line":67,"column":70}},"35":{"start":{"line":69,"column":8},"end":{"line":69,"column":18}},"36":{"start":{"line":41,"column":13},"end":{"line":41,"column":30}}},"fnMap":{"0":{"name":"(anonymous_1)","decl":{"start":{"line":6,"column":21},"end":{"line":6,"column":26}},"loc":{"start":{"line":6,"column":79},"end":{"line":13,"column":1}}},"1":{"name":"(anonymous_2)","decl":{"start":{"line":15,"column":24},"end":{"line":15,"column":29}},"loc":{"start":{"line":15,"column":82},"end":{"line":39,"column":1}}},"2":{"name":"(anonymous_3)","decl":{"start":{"line":25,"column":38},"end":{"line":25,"column":39}},"loc":{"start":{"line":25,"column":45},"end":{"line":27,"column":9}}},"3":{"name":"(anonymous_4)","decl":{"start":{"line":41,"column":30},"end":{"line":41,"column":35}},"loc":{"start":{"line":41,"column":88},"end":{"line":71,"column":1}}}},"branchMap":{"0":{"loc":{"start":{"line":18,"column":8},"end":{"line":20,"column":9}},"type":"if","locations":[{"start":{"line":18,"column":8},"end":{"line":20,"column":9}},{"start":{},"end":{}}]},"1":{"loc":{"start":{"line":18,"column":12},"end":{"line":18,"column":57}},"type":"binary-expr","locations":[{"start":{"line":18,"column":12},"end":{"line":18,"column":29}},{"start":{"line":18,"column":33},"end":{"line":18,"column":57}}]},"2":{"loc":{"start":{"line":26,"column":12},"end":{"line":26,"column":76}},"type":"if","locations":[{"start":{"line":26,"column":12},"end":{"line":26,"column":76}},{"start":{},"end":{}}]},"3":{"loc":{"start":{"line":45,"column":8},"end":{"line":45,"column":68}},"type":"if","locations":[{"start":{"line":45,"column":8},"end":{"line":45,"column":68}},{"start":{},"end":{}}]},"4":{"loc":{"start":{"line":49,"column":8},"end":{"line":51,"column":9}},"type":"if","locations":[{"start":{"line":49,"column":8},"end":{"line":51,"column":9}},{"start":{},"end":{}}]},"5":{"loc":{"start":{"line":49,"column":12},"end":{"line":49,"column":44}},"type":"binary-expr","locations":[{"start":{"line":49,"column":12},"end":{"line":49,"column":28}},{"start":{"line":49,"column":32},"end":{"line":49,"column":44}}]},"6":{"loc":{"start":{"line":53,"column":8},"end":{"line":55,"column":9}},"type":"if","locations":[{"start":{"line":53,"column":8},"end":{"line":55,"column":9}},{"start":{},"end":{}}]}},"s":{"0":0,"1":0,"2":0,"3":0,"4":0,"5":0,"6":0,"7":0,"8":0,"9":0,"10":0,"11":0,"12":0,"13":0,"14":0,"15":0,"16":0,"17":0,"18":0,"19":0,"20":0,"21":0,"22":0,"23":0,"24":0,"25":0,"26":0,"27":0,"28":0,"29":0,"30":0,"31":0,"32":0,"33":0,"34":0,"35":0,"36":0},"f":{"0":0,"1":0,"2":0,"3":0},"b":{"0":[0,0],"1":[0,0],"2":[0,0],"3":[0,0],"4":[0,0],"5":[0,0],"6":[0,0]}}
,"N:\\Work\\reqs.ai\\backend\\src\\middleware\\auth.ts": {"path":"N:\\Work\\reqs.ai\\backend\\src\\middleware\\auth.ts","statementMap":{"0":{"start":{"line":2,"column":0},"end":{"line":2,"column":31}},"1":{"start":{"line":4,"column":0},"end":{"line":4,"column":45}},"2":{"start":{"line":5,"column":0},"end":{"line":5,"column":41}},"3":{"start":{"line":6,"column":0},"end":{"line":6,"column":31}},"4":{"start":{"line":17,"column":23},"end":{"line":49,"column":1}},"5":{"start":{"line":20,"column":4},"end":{"line":22,"column":5}},"6":{"start":{"line":21,"column":8},"end":{"line":21,"column":56}},"7":{"start":{"line":24,"column":4},"end":{"line":26,"column":5}},"8":{"start":{"line":25,"column":8},"end":{"line":25,"column":94}},"9":{"start":{"line":29,"column":4},"end":{"line":48,"column":5}},"10":{"start":{"line":30,"column":29},"end":{"line":35,"column":10}},"11":{"start":{"line":31,"column":12},"end":{"line":34,"column":15}},"12":{"start":{"line":32,"column":16},"end":{"line":32,"column":44}},"13":{"start":{"line":32,"column":25},"end":{"line":32,"column":44}},"14":{"start":{"line":33,"column":16},"end":{"line":33,"column":33}},"15":{"start":{"line":38,"column":28},"end":{"line":38,"column":59}},"16":{"start":{"line":39,"column":8},"end":{"line":41,"column":9}},"17":{"start":{"line":40,"column":12},"end":{"line":40,"column":101}},"18":{"start":{"line":44,"column":8},"end":{"line":44,"column":31}},"19":{"start":{"line":45,"column":8},"end":{"line":45,"column":15}},"20":{"start":{"line":47,"column":8},"end":{"line":47,"column":78}},"21":{"start":{"line":17,"column":13},"end":{"line":17,"column":23}},"22":{"start":{"line":51,"column":26},"end":{"line":58,"column":1}},"23":{"start":{"line":52,"column":4},"end":{"line":57,"column":6}},"24":{"start":{"line":53,"column":8},"end":{"line":55,"column":9}},"25":{"start":{"line":54,"column":12},"end":{"line":54,"column":96}},"26":{"start":{"line":56,"column":8},"end":{"line":56,"column":15}},"27":{"start":{"line":51,"column":13},"end":{"line":51,"column":26}}},"fnMap":{"0":{"name":"(anonymous_1)","decl":{"start":{"line":17,"column":23},"end":{"line":17,"column":28}},"loc":{"start":{"line":17,"column":81},"end":{"line":49,"column":1}}},"1":{"name":"(anonymous_2)","decl":{"start":{"line":30,"column":47},"end":{"line":30,"column":48}},"loc":{"start":{"line":30,"column":67},"end":{"line":35,"column":9}}},"2":{"name":"(anonymous_3)","decl":{"start":{"line":31,"column":48},"end":{"line":31,"column":49}},"loc":{"start":{"line":31,"column":75},"end":{"line":34,"column":13}}},"3":{"name":"(anonymous_4)","decl":{"start":{"line":51,"column":26},"end":{"line":51,"column":27}},"loc":{"start":{"line":51,"column":49},"end":{"line":58,"column":1}}},"4":{"name":"(anonymous_5)","decl":{"start":{"line":52,"column":11},"end":{"line":52,"column":12}},"loc":{"start":{"line":52,"column":63},"end":{"line":57,"column":5}}}},"branchMap":{"0":{"loc":{"start":{"line":20,"column":4},"end":{"line":22,"column":5}},"type":"if","locations":[{"start":{"line":20,"column":4},"end":{"line":22,"column":5}},{"start":{},"end":{}}]},"1":{"loc":{"start":{"line":20,"column":8},"end":{"line":20,"column":83}},"type":"binary-expr","locations":[{"start":{"line":20,"column":8},"end":{"line":20,"column":33}},{"start":{"line":20,"column":37},"end":{"line":20,"column":83}}]},"2":{"loc":{"start":{"line":24,"column":4},"end":{"line":26,"column":5}},"type":"if","locations":[{"start":{"line":24,"column":4},"end":{"line":26,"column":5}},{"start":{},"end":{}}]},"3":{"loc":{"start":{"line":32,"column":16},"end":{"line":32,"column":44}},"type":"if","locations":[{"start":{"line":32,"column":16},"end":{"line":32,"column":44}},{"start":{},"end":{}}]},"4":{"loc":{"start":{"line":39,"column":8},"end":{"line":41,"column":9}},"type":"if","locations":[{"start":{"line":39,"column":8},"end":{"line":41,"column":9}},{"start":{},"end":{}}]},"5":{"loc":{"start":{"line":53,"column":8},"end":{"line":55,"column":9}},"type":"if","locations":[{"start":{"line":53,"column":8},"end":{"line":55,"column":9}},{"start":{},"end":{}}]},"6":{"loc":{"start":{"line":53,"column":12},"end":{"line":53,"column":55}},"type":"binary-expr","locations":[{"start":{"line":53,"column":12},"end":{"line":53,"column":21}},{"start":{"line":53,"column":25},"end":{"line":53,"column":55}}]}},"s":{"0":0,"1":0,"2":0,"3":0,"4":0,"5":0,"6":0,"7":0,"8":0,"9":0,"10":0,"11":0,"12":0,"13":0,"14":0,"15":0,"16":0,"17":0,"18":0,"19":0,"20":0,"21":0,"22":0,"23":0,"24":0,"25":0,"26":0,"27":0},"f":{"0":0,"1":0,"2":0,"3":0,"4":0},"b":{"0":[0,0],"1":[0,0],"2":[0,0],"3":[0,0],"4":[0,0],"5":[0,0],"6":[0,0]}}
,"N:\\Work\\reqs.ai\\backend\\src\\middleware\\globalErrorHandler.ts": {"path":"N:\\Work\\reqs.ai\\backend\\src\\middleware\\globalErrorHandler.ts","statementMap":{"0":{"start":{"line":3,"column":0},"end":{"line":3,"column":31}},"1":{"start":{"line":5,"column":21},"end":{"line":13,"column":1}},"2":{"start":{"line":6,"column":4},"end":{"line":6,"column":35}},"3":{"start":{"line":7,"column":4},"end":{"line":12,"column":7}},"4":{"start":{"line":15,"column":22},"end":{"line":30,"column":1}},"5":{"start":{"line":17,"column":4},"end":{"line":29,"column":5}},"6":{"start":{"line":18,"column":8},"end":{"line":21,"column":11}},"7":{"start":{"line":24,"column":8},"end":{"line":24,"column":39}},"8":{"start":{"line":25,"column":8},"end":{"line":28,"column":11}},"9":{"start":{"line":32,"column":27},"end":{"line":43,"column":1}},"10":{"start":{"line":33,"column":4},"end":{"line":33,"column":43}},"11":{"start":{"line":34,"column":4},"end":{"line":34,"column":39}},"12":{"start":{"line":36,"column":4},"end":{"line":42,"column":5}},"13":{"start":{"line":37,"column":8},"end":{"line":37,"column":31}},"14":{"start":{"line":39,"column":20},"end":{"line":39,"column":30}},"15":{"start":{"line":40,"column":8},"end":{"line":40,"column":36}},"16":{"start":{"line":41,"column":8},"end":{"line":41,"column":34}},"17":{"start":{"line":45,"column":0},"end":{"line":45,"column":34}}},"fnMap":{"0":{"name":"(anonymous_1)","decl":{"start":{"line":5,"column":21},"end":{"line":5,"column":22}},"loc":{"start":{"line":5,"column":54},"end":{"line":13,"column":1}}},"1":{"name":"(anonymous_2)","decl":{"start":{"line":15,"column":22},"end":{"line":15,"column":23}},"loc":{"start":{"line":15,"column":55},"end":{"line":30,"column":1}}},"2":{"name":"(anonymous_3)","decl":{"start":{"line":32,"column":27},"end":{"line":32,"column":28}},"loc":{"start":{"line":32,"column":89},"end":{"line":43,"column":1}}}},"branchMap":{"0":{"loc":{"start":{"line":17,"column":4},"end":{"line":29,"column":5}},"type":"if","locations":[{"start":{"line":17,"column":4},"end":{"line":29,"column":5}},{"start":{"line":22,"column":11},"end":{"line":29,"column":5}}]},"1":{"loc":{"start":{"line":33,"column":21},"end":{"line":33,"column":42}},"type":"binary-expr","locations":[{"start":{"line":33,"column":21},"end":{"line":33,"column":35}},{"start":{"line":33,"column":39},"end":{"line":33,"column":42}}]},"2":{"loc":{"start":{"line":34,"column":17},"end":{"line":34,"column":38}},"type":"binary-expr","locations":[{"start":{"line":34,"column":17},"end":{"line":34,"column":27}},{"start":{"line":34,"column":31},"end":{"line":34,"column":38}}]},"3":{"loc":{"start":{"line":36,"column":4},"end":{"line":42,"column":5}},"type":"if","locations":[{"start":{"line":36,"column":4},"end":{"line":42,"column":5}},{"start":{"line":38,"column":11},"end":{"line":42,"column":5}}]}},"s":{"0":0,"1":0,"2":0,"3":0,"4":0,"5":0,"6":0,"7":0,"8":0,"9":0,"10":0,"11":0,"12":0,"13":0,"14":0,"15":0,"16":0,"17":0},"f":{"0":0,"1":0,"2":0},"b":{"0":[0,0],"1":[0,0],"2":[0,0],"3":[0,0]}}
,"N:\\Work\\reqs.ai\\backend\\src\\middleware\\performance.middleware.ts": {"path":"N:\\Work\\reqs.ai\\backend\\src\\middleware\\performance.middleware.ts","statementMap":{"0":{"start":{"line":3,"column":33},"end":{"line":10,"column":1}},"1":{"start":{"line":4,"column":18},"end":{"line":4,"column":28}},"2":{"start":{"line":5,"column":4},"end":{"line":8,"column":7}},"3":{"start":{"line":6,"column":25},"end":{"line":6,"column":43}},"4":{"start":{"line":7,"column":8},"end":{"line":7,"column":97}},"5":{"start":{"line":9,"column":4},"end":{"line":9,"column":11}},"6":{"start":{"line":3,"column":13},"end":{"line":3,"column":33}}},"fnMap":{"0":{"name":"(anonymous_0)","decl":{"start":{"line":3,"column":33},"end":{"line":3,"column":34}},"loc":{"start":{"line":3,"column":85},"end":{"line":10,"column":1}}},"1":{"name":"(anonymous_1)","decl":{"start":{"line":5,"column":21},"end":{"line":5,"column":24}},"loc":{"start":{"line":5,"column":26},"end":{"line":8,"column":5}}}},"branchMap":{},"s":{"0":0,"1":0,"2":0,"3":0,"4":0,"5":0,"6":0},"f":{"0":0,"1":0},"b":{}}
,"N:\\Work\\reqs.ai\\backend\\src\\models\\APIKey.ts": {"path":"N:\\Work\\reqs.ai\\backend\\src\\models\\APIKey.ts","statementMap":{"0":{"start":{"line":1,"column":0},"end":{"line":1,"column":54}},"1":{"start":{"line":13,"column":21},"end":{"line":45,"column":null}},"2":{"start":{"line":48,"column":0},"end":{"line":48,"column":34}},"3":{"start":{"line":50,"column":15},"end":{"line":50,"column":62}},"4":{"start":{"line":52,"column":0},"end":{"line":52,"column":22}}},"fnMap":{},"branchMap":{},"s":{"0":0,"1":0,"2":0,"3":0,"4":0},"f":{},"b":{}}
,"N:\\Work\\reqs.ai\\backend\\src\\models\\PRD.ts": {"path":"N:\\Work\\reqs.ai\\backend\\src\\models\\PRD.ts","statementMap":{"0":{"start":{"line":1,"column":0},"end":{"line":1,"column":54}},"1":{"start":{"line":16,"column":18},"end":{"line":55,"column":null}},"2":{"start":{"line":59,"column":0},"end":{"line":59,"column":42}},"3":{"start":{"line":60,"column":0},"end":{"line":60,"column":31}},"4":{"start":{"line":61,"column":0},"end":{"line":61,"column":35}},"5":{"start":{"line":63,"column":12},"end":{"line":63,"column":50}},"6":{"start":{"line":65,"column":0},"end":{"line":65,"column":19}}},"fnMap":{},"branchMap":{},"s":{"0":0,"1":0,"2":0,"3":0,"4":0,"5":0,"6":0},"f":{},"b":{}}
,"N:\\Work\\reqs.ai\\backend\\src\\models\\Plan.ts": {"path":"N:\\Work\\reqs.ai\\backend\\src\\models\\Plan.ts","statementMap":{"0":{"start":{"line":1,"column":0},"end":{"line":1,"column":54}},"1":{"start":{"line":14,"column":19},"end":{"line":47,"column":null}},"2":{"start":{"line":51,"column":0},"end":{"line":51,"column":47}},"3":{"start":{"line":52,"column":0},"end":{"line":52,"column":32}},"4":{"start":{"line":53,"column":0},"end":{"line":53,"column":39}},"5":{"start":{"line":55,"column":13},"end":{"line":55,"column":54}},"6":{"start":{"line":57,"column":0},"end":{"line":57,"column":20}}},"fnMap":{},"branchMap":{},"s":{"0":0,"1":0,"2":0,"3":0,"4":0,"5":0,"6":0},"f":{},"b":{}}
,"N:\\Work\\reqs.ai\\backend\\src\\models\\User.ts": {"path":"N:\\Work\\reqs.ai\\backend\\src\\models\\User.ts","statementMap":{"0":{"start":{"line":1,"column":0},"end":{"line":1,"column":61}},"1":{"start":{"line":2,"column":0},"end":{"line":2,"column":28}},"2":{"start":{"line":3,"column":0},"end":{"line":3,"column":28}},"3":{"start":{"line":23,"column":34},"end":{"line":68,"column":null}},"4":{"start":{"line":72,"column":0},"end":{"line":79,"column":3}},"5":{"start":{"line":74,"column":4},"end":{"line":74,"column":52}},"6":{"start":{"line":74,"column":38},"end":{"line":74,"column":52}},"7":{"start":{"line":77,"column":4},"end":{"line":77,"column":58}},"8":{"start":{"line":78,"column":4},"end":{"line":78,"column":11}},"9":{"start":{"line":82,"column":0},"end":{"line":84,"column":2}},"10":{"start":{"line":83,"column":4},"end":{"line":83,"column":67}},"11":{"start":{"line":87,"column":0},"end":{"line":99,"column":2}},"12":{"start":{"line":88,"column":23},"end":{"line":88,"column":61}},"13":{"start":{"line":90,"column":4},"end":{"line":93,"column":23}},"14":{"start":{"line":96,"column":4},"end":{"line":96,"column":70}},"15":{"start":{"line":98,"column":4},"end":{"line":98,"column":22}},"16":{"start":{"line":101,"column":0},"end":{"line":113,"column":2}},"17":{"start":{"line":102,"column":24},"end":{"line":102,"column":62}},"18":{"start":{"line":104,"column":4},"end":{"line":107,"column":23}},"19":{"start":{"line":110,"column":4},"end":{"line":110,"column":79}},"20":{"start":{"line":112,"column":4},"end":{"line":112,"column":23}},"21":{"start":{"line":115,"column":13},"end":{"line":115,"column":54}},"22":{"start":{"line":117,"column":0},"end":{"line":117,"column":20}}},"fnMap":{"0":{"name":"(anonymous_10)","decl":{"start":{"line":72,"column":23},"end":{"line":72,"column":28}},"loc":{"start":{"line":72,"column":43},"end":{"line":79,"column":1}}},"1":{"name":"(anonymous_11)","decl":{"start":{"line":82,"column":37},"end":{"line":82,"column":42}},"loc":{"start":{"line":82,"column":78},"end":{"line":84,"column":1}}},"2":{"name":"(anonymous_12)","decl":{"start":{"line":87,"column":46},"end":{"line":87,"column":null}},"loc":{"start":{"line":87,"column":46},"end":{"line":99,"column":1}}},"3":{"name":"(anonymous_13)","decl":{"start":{"line":101,"column":45},"end":{"line":101,"column":null}},"loc":{"start":{"line":101,"column":45},"end":{"line":113,"column":1}}}},"branchMap":{"0":{"loc":{"start":{"line":74,"column":4},"end":{"line":74,"column":52}},"type":"if","locations":[{"start":{"line":74,"column":4},"end":{"line":74,"column":52}},{"start":{},"end":{}}]}},"s":{"0":0,"1":0,"2":0,"3":0,"4":0,"5":0,"6":0,"7":0,"8":0,"9":0,"10":0,"11":0,"12":0,"13":0,"14":0,"15":0,"16":0,"17":0,"18":0,"19":0,"20":0,"21":0,"22":0},"f":{"0":0,"1":0,"2":0,"3":0},"b":{"0":[0,0]}}
,"N:\\Work\\reqs.ai\\backend\\src\\models\\feedback.model.ts": {"path":"N:\\Work\\reqs.ai\\backend\\src\\models\\feedback.model.ts","statementMap":{"0":{"start":{"line":1,"column":0},"end":{"line":1,"column":54}},"1":{"start":{"line":11,"column":31},"end":{"line":17,"column":2}},"2":{"start":{"line":19,"column":0},"end":{"line":19,"column":69}}},"fnMap":{},"branchMap":{},"s":{"0":0,"1":0,"2":0},"f":{},"b":{}}
,"N:\\Work\\reqs.ai\\backend\\src\\routes\\apiKeyRoutes.ts": {"path":"N:\\Work\\reqs.ai\\backend\\src\\routes\\apiKeyRoutes.ts","statementMap":{"0":{"start":{"line":1,"column":0},"end":{"line":1,"column":30}},"1":{"start":{"line":2,"column":0},"end":{"line":2,"column":68}},"2":{"start":{"line":3,"column":0},"end":{"line":3,"column":45}},"3":{"start":{"line":5,"column":15},"end":{"line":5,"column":31}},"4":{"start":{"line":7,"column":0},"end":{"line":7,"column":20}},"5":{"start":{"line":9,"column":0},"end":{"line":9,"column":42}},"6":{"start":{"line":10,"column":0},"end":{"line":10,"column":42}},"7":{"start":{"line":11,"column":0},"end":{"line":11,"column":50}},"8":{"start":{"line":13,"column":0},"end":{"line":13,"column":22}}},"fnMap":{},"branchMap":{},"s":{"0":0,"1":0,"2":0,"3":0,"4":0,"5":0,"6":0,"7":0,"8":0},"f":{},"b":{}}
,"N:\\Work\\reqs.ai\\backend\\src\\routes\\authRoutes.ts": {"path":"N:\\Work\\reqs.ai\\backend\\src\\routes\\authRoutes.ts","statementMap":{"0":{"start":{"line":1,"column":0},"end":{"line":1,"column":30}},"1":{"start":{"line":2,"column":0},"end":{"line":2,"column":64}},"2":{"start":{"line":3,"column":0},"end":{"line":3,"column":45}},"3":{"start":{"line":5,"column":15},"end":{"line":5,"column":31}},"4":{"start":{"line":7,"column":0},"end":{"line":7,"column":46}},"5":{"start":{"line":8,"column":0},"end":{"line":8,"column":44}},"6":{"start":{"line":9,"column":0},"end":{"line":9,"column":46}},"7":{"start":{"line":10,"column":0},"end":{"line":10,"column":48}},"8":{"start":{"line":12,"column":0},"end":{"line":12,"column":63}},"9":{"start":{"line":13,"column":0},"end":{"line":13,"column":69}},"10":{"start":{"line":15,"column":0},"end":{"line":15,"column":63}},"11":{"start":{"line":16,"column":0},"end":{"line":16,"column":71}},"12":{"start":{"line":19,"column":0},"end":{"line":19,"column":49}},"13":{"start":{"line":21,"column":0},"end":{"line":21,"column":22}}},"fnMap":{},"branchMap":{},"s":{"0":0,"1":0,"2":0,"3":0,"4":0,"5":0,"6":0,"7":0,"8":0,"9":0,"10":0,"11":0,"12":0,"13":0},"f":{},"b":{}}
,"N:\\Work\\reqs.ai\\backend\\src\\routes\\dashboardRoutes.ts": {"path":"N:\\Work\\reqs.ai\\backend\\src\\routes\\dashboardRoutes.ts","statementMap":{"0":{"start":{"line":1,"column":0},"end":{"line":1,"column":30}},"1":{"start":{"line":2,"column":0},"end":{"line":2,"column":74}},"2":{"start":{"line":3,"column":0},"end":{"line":3,"column":45}},"3":{"start":{"line":5,"column":15},"end":{"line":5,"column":31}},"4":{"start":{"line":7,"column":0},"end":{"line":7,"column":20}},"5":{"start":{"line":9,"column":0},"end":{"line":9,"column":51}},"6":{"start":{"line":11,"column":0},"end":{"line":11,"column":22}}},"fnMap":{},"branchMap":{},"s":{"0":0,"1":0,"2":0,"3":0,"4":0,"5":0,"6":0},"f":{},"b":{}}
,"N:\\Work\\reqs.ai\\backend\\src\\routes\\feedback.routes.ts": {"path":"N:\\Work\\reqs.ai\\backend\\src\\routes\\feedback.routes.ts","statementMap":{"0":{"start":{"line":1,"column":0},"end":{"line":1,"column":30}},"1":{"start":{"line":2,"column":0},"end":{"line":2,"column":82}},"2":{"start":{"line":5,"column":15},"end":{"line":5,"column":31}},"3":{"start":{"line":7,"column":0},"end":{"line":7,"column":33}},"4":{"start":{"line":8,"column":0},"end":{"line":8,"column":30}},"5":{"start":{"line":10,"column":0},"end":{"line":10,"column":22}}},"fnMap":{},"branchMap":{},"s":{"0":0,"1":0,"2":0,"3":0,"4":0,"5":0},"f":{},"b":{}}
,"N:\\Work\\reqs.ai\\backend\\src\\routes\\index.ts": {"path":"N:\\Work\\reqs.ai\\backend\\src\\routes\\index.ts","statementMap":{"0":{"start":{"line":1,"column":0},"end":{"line":1,"column":33}},"1":{"start":{"line":2,"column":0},"end":{"line":2,"column":52}},"2":{"start":{"line":3,"column":0},"end":{"line":3,"column":38}},"3":{"start":{"line":4,"column":0},"end":{"line":4,"column":42}},"4":{"start":{"line":5,"column":0},"end":{"line":5,"column":38}},"5":{"start":{"line":6,"column":0},"end":{"line":6,"column":36}},"6":{"start":{"line":7,"column":0},"end":{"line":7,"column":38}},"7":{"start":{"line":8,"column":0},"end":{"line":8,"column":48}},"8":{"start":{"line":9,"column":0},"end":{"line":9,"column":42}},"9":{"start":{"line":10,"column":0},"end":{"line":10,"column":47}},"10":{"start":{"line":12,"column":15},"end":{"line":12,"column":23}},"11":{"start":{"line":14,"column":0},"end":{"line":14,"column":32}},"12":{"start":{"line":15,"column":0},"end":{"line":15,"column":38}},"13":{"start":{"line":16,"column":0},"end":{"line":16,"column":33}},"14":{"start":{"line":17,"column":0},"end":{"line":17,"column":31}},"15":{"start":{"line":18,"column":0},"end":{"line":18,"column":33}},"16":{"start":{"line":19,"column":0},"end":{"line":19,"column":42}},"17":{"start":{"line":20,"column":0},"end":{"line":20,"column":36}},"18":{"start":{"line":21,"column":0},"end":{"line":21,"column":40}},"19":{"start":{"line":23,"column":0},"end":{"line":25,"column":3}},"20":{"start":{"line":24,"column":4},"end":{"line":24,"column":94}},"21":{"start":{"line":27,"column":0},"end":{"line":27,"column":22}}},"fnMap":{"0":{"name":"(anonymous_1)","decl":{"start":{"line":23,"column":22},"end":{"line":23,"column":23}},"loc":{"start":{"line":23,"column":35},"end":{"line":25,"column":1}}}},"branchMap":{},"s":{"0":0,"1":0,"2":0,"3":0,"4":0,"5":0,"6":0,"7":0,"8":0,"9":0,"10":0,"11":0,"12":0,"13":0,"14":0,"15":0,"16":0,"17":0,"18":0,"19":0,"20":0,"21":0},"f":{"0":0},"b":{}}
,"N:\\Work\\reqs.ai\\backend\\src\\routes\\planRoutes.ts": {"path":"N:\\Work\\reqs.ai\\backend\\src\\routes\\planRoutes.ts","statementMap":{"0":{"start":{"line":1,"column":0},"end":{"line":1,"column":30}},"1":{"start":{"line":2,"column":0},"end":{"line":2,"column":64}},"2":{"start":{"line":3,"column":0},"end":{"line":3,"column":45}},"3":{"start":{"line":5,"column":15},"end":{"line":5,"column":31}},"4":{"start":{"line":7,"column":0},"end":{"line":7,"column":20}},"5":{"start":{"line":9,"column":0},"end":{"line":9,"column":44}},"6":{"start":{"line":10,"column":0},"end":{"line":10,"column":41}},"7":{"start":{"line":11,"column":0},"end":{"line":11,"column":43}},"8":{"start":{"line":12,"column":0},"end":{"line":12,"column":46}},"9":{"start":{"line":13,"column":0},"end":{"line":13,"column":49}},"10":{"start":{"line":15,"column":0},"end":{"line":15,"column":22}}},"fnMap":{},"branchMap":{},"s":{"0":0,"1":0,"2":0,"3":0,"4":0,"5":0,"6":0,"7":0,"8":0,"9":0,"10":0},"f":{},"b":{}}
,"N:\\Work\\reqs.ai\\backend\\src\\routes\\prdRoutes.ts": {"path":"N:\\Work\\reqs.ai\\backend\\src\\routes\\prdRoutes.ts","statementMap":{"0":{"start":{"line":1,"column":0},"end":{"line":1,"column":30}},"1":{"start":{"line":2,"column":0},"end":{"line":2,"column":62}},"2":{"start":{"line":3,"column":0},"end":{"line":3,"column":45}},"3":{"start":{"line":5,"column":15},"end":{"line":5,"column":31}},"4":{"start":{"line":7,"column":0},"end":{"line":7,"column":20}},"5":{"start":{"line":9,"column":0},"end":{"line":9,"column":66}},"6":{"start":{"line":10,"column":0},"end":{"line":10,"column":39}},"7":{"start":{"line":11,"column":0},"end":{"line":11,"column":41}},"8":{"start":{"line":12,"column":0},"end":{"line":12,"column":51}},"9":{"start":{"line":14,"column":0},"end":{"line":14,"column":22}}},"fnMap":{},"branchMap":{},"s":{"0":0,"1":0,"2":0,"3":0,"4":0,"5":0,"6":0,"7":0,"8":0,"9":0},"f":{},"b":{}}
,"N:\\Work\\reqs.ai\\backend\\src\\routes\\searchRoutes.ts": {"path":"N:\\Work\\reqs.ai\\backend\\src\\routes\\searchRoutes.ts","statementMap":{"0":{"start":{"line":1,"column":0},"end":{"line":1,"column":30}},"1":{"start":{"line":2,"column":0},"end":{"line":2,"column":68}},"2":{"start":{"line":3,"column":0},"end":{"line":3,"column":45}},"3":{"start":{"line":5,"column":15},"end":{"line":5,"column":31}},"4":{"start":{"line":7,"column":0},"end":{"line":7,"column":20}},"5":{"start":{"line":9,"column":0},"end":{"line":9,"column":41}},"6":{"start":{"line":11,"column":0},"end":{"line":11,"column":22}}},"fnMap":{},"branchMap":{},"s":{"0":0,"1":0,"2":0,"3":0,"4":0,"5":0,"6":0},"f":{},"b":{}}
,"N:\\Work\\reqs.ai\\backend\\src\\routes\\userRoutes.ts": {"path":"N:\\Work\\reqs.ai\\backend\\src\\routes\\userRoutes.ts","statementMap":{"0":{"start":{"line":1,"column":0},"end":{"line":1,"column":30}},"1":{"start":{"line":2,"column":0},"end":{"line":2,"column":64}},"2":{"start":{"line":3,"column":0},"end":{"line":3,"column":45}},"3":{"start":{"line":5,"column":15},"end":{"line":5,"column":31}},"4":{"start":{"line":7,"column":0},"end":{"line":7,"column":20}},"5":{"start":{"line":9,"column":0},"end":{"line":9,"column":40}},"6":{"start":{"line":10,"column":0},"end":{"line":10,"column":43}},"7":{"start":{"line":11,"column":0},"end":{"line":11,"column":60}},"8":{"start":{"line":13,"column":0},"end":{"line":13,"column":22}}},"fnMap":{},"branchMap":{},"s":{"0":0,"1":0,"2":0,"3":0,"4":0,"5":0,"6":0,"7":0,"8":0},"f":{},"b":{}}
,"N:\\Work\\reqs.ai\\backend\\src\\services\\authService.ts": {"path":"N:\\Work\\reqs.ai\\backend\\src\\services\\authService.ts","statementMap":{"0":{"start":{"line":1,"column":0},"end":{"line":1,"column":31}},"1":{"start":{"line":2,"column":0},"end":{"line":2,"column":31}},"2":{"start":{"line":6,"column":25},"end":{"line":10,"column":1}},"3":{"start":{"line":7,"column":4},"end":{"line":9,"column":26}},"4":{"start":{"line":6,"column":13},"end":{"line":6,"column":25}},"5":{"start":{"line":12,"column":31},"end":{"line":25,"column":1}},"6":{"start":{"line":13,"column":18},"end":{"line":13,"column":58}},"7":{"start":{"line":16,"column":4},"end":{"line":16,"column":30}},"8":{"start":{"line":18,"column":4},"end":{"line":24,"column":7}},"9":{"start":{"line":12,"column":13},"end":{"line":12,"column":31}},"10":{"start":{"line":27,"column":25},"end":{"line":34,"column":1}},"11":{"start":{"line":29,"column":4},"end":{"line":29,"column":38}},"12":{"start":{"line":30,"column":4},"end":{"line":30,"column":40}},"13":{"start":{"line":31,"column":4},"end":{"line":31,"column":47}},"14":{"start":{"line":32,"column":4},"end":{"line":32,"column":47}},"15":{"start":{"line":33,"column":4},"end":{"line":33,"column":38}},"16":{"start":{"line":27,"column":13},"end":{"line":27,"column":25}}},"fnMap":{"0":{"name":"(anonymous_1)","decl":{"start":{"line":6,"column":25},"end":{"line":6,"column":26}},"loc":{"start":{"line":6,"column":40},"end":{"line":10,"column":1}}},"1":{"name":"(anonymous_2)","decl":{"start":{"line":12,"column":31},"end":{"line":12,"column":32}},"loc":{"start":{"line":12,"column":82},"end":{"line":25,"column":1}}},"2":{"name":"(anonymous_3)","decl":{"start":{"line":27,"column":25},"end":{"line":27,"column":30}},"loc":{"start":{"line":27,"column":96},"end":{"line":34,"column":1}}}},"branchMap":{},"s":{"0":0,"1":0,"2":0,"3":0,"4":0,"5":0,"6":0,"7":0,"8":0,"9":0,"10":0,"11":0,"12":0,"13":0,"14":0,"15":0,"16":0},"f":{"0":0,"1":0,"2":0},"b":{}}
,"N:\\Work\\reqs.ai\\backend\\src\\services\\exportService.ts": {"path":"N:\\Work\\reqs.ai\\backend\\src\\services\\exportService.ts","statementMap":{"0":{"start":{"line":1,"column":0},"end":{"line":1,"column":34}},"1":{"start":{"line":2,"column":0},"end":{"line":2,"column":32}},"2":{"start":{"line":4,"column":32},"end":{"line":30,"column":1}},"3":{"start":{"line":5,"column":13},"end":{"line":5,"column":40}},"4":{"start":{"line":7,"column":4},"end":{"line":7,"column":48}},"5":{"start":{"line":9,"column":4},"end":{"line":9,"column":31}},"6":{"start":{"line":10,"column":4},"end":{"line":12,"column":7}},"7":{"start":{"line":11,"column":8},"end":{"line":11,"column":117}},"8":{"start":{"line":11,"column":90},"end":{"line":11,"column":98}},"9":{"start":{"line":14,"column":4},"end":{"line":14,"column":30}},"10":{"start":{"line":15,"column":4},"end":{"line":17,"column":7}},"11":{"start":{"line":16,"column":8},"end":{"line":16,"column":92}},"12":{"start":{"line":19,"column":4},"end":{"line":19,"column":43}},"13":{"start":{"line":20,"column":4},"end":{"line":22,"column":7}},"14":{"start":{"line":21,"column":8},"end":{"line":21,"column":67}},"15":{"start":{"line":24,"column":4},"end":{"line":24,"column":47}},"16":{"start":{"line":25,"column":4},"end":{"line":27,"column":7}},"17":{"start":{"line":26,"column":8},"end":{"line":26,"column":56}},"18":{"start":{"line":29,"column":4},"end":{"line":29,"column":14}},"19":{"start":{"line":4,"column":13},"end":{"line":4,"column":32}},"20":{"start":{"line":32,"column":27},"end":{"line":72,"column":1}},"21":{"start":{"line":33,"column":21},"end":{"line":33,"column":49}},"22":{"start":{"line":34,"column":24},"end":{"line":34,"column":40}},"23":{"start":{"line":36,"column":20},"end":{"line":39,"column":6}},"24":{"start":{"line":41,"column":17},"end":{"line":41,"column":40}},"25":{"start":{"line":44,"column":23},"end":{"line":59,"column":4}},"26":{"start":{"line":61,"column":4},"end":{"line":61,"column":69}},"27":{"start":{"line":63,"column":22},"end":{"line":67,"column":6}},"28":{"start":{"line":69,"column":4},"end":{"line":69,"column":26}},"29":{"start":{"line":71,"column":4},"end":{"line":71,"column":34}},"30":{"start":{"line":32,"column":13},"end":{"line":32,"column":27}}},"fnMap":{"0":{"name":"(anonymous_1)","decl":{"start":{"line":4,"column":32},"end":{"line":4,"column":33}},"loc":{"start":{"line":4,"column":60},"end":{"line":30,"column":1}}},"1":{"name":"(anonymous_2)","decl":{"start":{"line":10,"column":37},"end":{"line":10,"column":38}},"loc":{"start":{"line":10,"column":48},"end":{"line":12,"column":5}}},"2":{"name":"(anonymous_3)","decl":{"start":{"line":11,"column":75},"end":{"line":11,"column":76}},"loc":{"start":{"line":11,"column":90},"end":{"line":11,"column":98}}},"3":{"name":"(anonymous_4)","decl":{"start":{"line":15,"column":36},"end":{"line":15,"column":37}},"loc":{"start":{"line":15,"column":47},"end":{"line":17,"column":5}}},"4":{"name":"(anonymous_5)","decl":{"start":{"line":20,"column":47},"end":{"line":20,"column":48}},"loc":{"start":{"line":20,"column":58},"end":{"line":22,"column":5}}},"5":{"name":"(anonymous_6)","decl":{"start":{"line":25,"column":50},"end":{"line":25,"column":51}},"loc":{"start":{"line":25,"column":61},"end":{"line":27,"column":5}}},"6":{"name":"(anonymous_7)","decl":{"start":{"line":32,"column":27},"end":{"line":32,"column":32}},"loc":{"start":{"line":32,"column":70},"end":{"line":72,"column":1}}}},"branchMap":{},"s":{"0":0,"1":0,"2":0,"3":0,"4":0,"5":0,"6":0,"7":0,"8":0,"9":0,"10":0,"11":0,"12":0,"13":0,"14":0,"15":0,"16":0,"17":0,"18":0,"19":0,"20":0,"21":0,"22":0,"23":0,"24":0,"25":0,"26":0,"27":0,"28":0,"29":0,"30":0},"f":{"0":0,"1":0,"2":0,"3":0,"4":0,"5":0,"6":0},"b":{}}
,"N:\\Work\\reqs.ai\\backend\\src\\services\\geminiService.ts": {"path":"N:\\Work\\reqs.ai\\backend\\src\\services\\geminiService.ts","statementMap":{"0":{"start":{"line":1,"column":0},"end":{"line":1,"column":59}},"1":{"start":{"line":2,"column":0},"end":{"line":2,"column":41}},"2":{"start":{"line":4,"column":36},"end":{"line":45,"column":1}},"3":{"start":{"line":5,"column":4},"end":{"line":44,"column":5}},"4":{"start":{"line":6,"column":22},"end":{"line":6,"column":52}},"5":{"start":{"line":7,"column":22},"end":{"line":7,"column":71}},"6":{"start":{"line":9,"column":23},"end":{"line":26,"column":6}},"7":{"start":{"line":28,"column":23},"end":{"line":28,"column":58}},"8":{"start":{"line":29,"column":25},"end":{"line":29,"column":46}},"9":{"start":{"line":30,"column":21},"end":{"line":30,"column":36}},"10":{"start":{"line":33,"column":22},"end":{"line":33,"column":26}},"11":{"start":{"line":34,"column":8},"end":{"line":38,"column":9}},"12":{"start":{"line":35,"column":12},"end":{"line":35,"column":63}},"13":{"start":{"line":36,"column":15},"end":{"line":38,"column":9}},"14":{"start":{"line":37,"column":12},"end":{"line":37,"column":59}},"15":{"start":{"line":40,"column":8},"end":{"line":40,"column":35}},"16":{"start":{"line":42,"column":8},"end":{"line":42,"column":50}},"17":{"start":{"line":43,"column":8},"end":{"line":43,"column":77}},"18":{"start":{"line":4,"column":13},"end":{"line":4,"column":36}}},"fnMap":{"0":{"name":"(anonymous_1)","decl":{"start":{"line":4,"column":36},"end":{"line":4,"column":41}},"loc":{"start":{"line":4,"column":79},"end":{"line":45,"column":1}}}},"branchMap":{"0":{"loc":{"start":{"line":34,"column":8},"end":{"line":38,"column":9}},"type":"if","locations":[{"start":{"line":34,"column":8},"end":{"line":38,"column":9}},{"start":{"line":36,"column":15},"end":{"line":38,"column":9}}]},"1":{"loc":{"start":{"line":36,"column":15},"end":{"line":38,"column":9}},"type":"if","locations":[{"start":{"line":36,"column":15},"end":{"line":38,"column":9}},{"start":{},"end":{}}]}},"s":{"0":0,"1":0,"2":0,"3":0,"4":0,"5":0,"6":0,"7":0,"8":0,"9":0,"10":0,"11":0,"12":0,"13":0,"14":0,"15":0,"16":0,"17":0,"18":0},"f":{"0":0},"b":{"0":[0,0],"1":[0,0]}}
,"N:\\Work\\reqs.ai\\backend\\src\\services\\prdService.ts": {"path":"N:\\Work\\reqs.ai\\backend\\src\\services\\prdService.ts","statementMap":{"0":{"start":{"line":1,"column":0},"end":{"line":1,"column":59}},"1":{"start":{"line":2,"column":0},"end":{"line":2,"column":41}},"2":{"start":{"line":4,"column":35},"end":{"line":53,"column":1}},"3":{"start":{"line":5,"column":4},"end":{"line":52,"column":5}},"4":{"start":{"line":6,"column":22},"end":{"line":6,"column":52}},"5":{"start":{"line":7,"column":22},"end":{"line":7,"column":71}},"6":{"start":{"line":9,"column":23},"end":{"line":34,"column":6}},"7":{"start":{"line":36,"column":23},"end":{"line":36,"column":58}},"8":{"start":{"line":37,"column":25},"end":{"line":37,"column":46}},"9":{"start":{"line":38,"column":21},"end":{"line":38,"column":36}},"10":{"start":{"line":41,"column":22},"end":{"line":41,"column":26}},"11":{"start":{"line":42,"column":8},"end":{"line":46,"column":9}},"12":{"start":{"line":43,"column":12},"end":{"line":43,"column":63}},"13":{"start":{"line":44,"column":15},"end":{"line":46,"column":9}},"14":{"start":{"line":45,"column":12},"end":{"line":45,"column":59}},"15":{"start":{"line":48,"column":8},"end":{"line":48,"column":35}},"16":{"start":{"line":50,"column":8},"end":{"line":50,"column":61}},"17":{"start":{"line":51,"column":8},"end":{"line":51,"column":76}},"18":{"start":{"line":4,"column":13},"end":{"line":4,"column":35}}},"fnMap":{"0":{"name":"(anonymous_1)","decl":{"start":{"line":4,"column":35},"end":{"line":4,"column":40}},"loc":{"start":{"line":4,"column":78},"end":{"line":53,"column":1}}}},"branchMap":{"0":{"loc":{"start":{"line":42,"column":8},"end":{"line":46,"column":9}},"type":"if","locations":[{"start":{"line":42,"column":8},"end":{"line":46,"column":9}},{"start":{"line":44,"column":15},"end":{"line":46,"column":9}}]},"1":{"loc":{"start":{"line":44,"column":15},"end":{"line":46,"column":9}},"type":"if","locations":[{"start":{"line":44,"column":15},"end":{"line":46,"column":9}},{"start":{},"end":{}}]}},"s":{"0":0,"1":0,"2":0,"3":0,"4":0,"5":0,"6":0,"7":0,"8":0,"9":0,"10":0,"11":0,"12":0,"13":0,"14":0,"15":0,"16":0,"17":0,"18":0},"f":{"0":0},"b":{"0":[0,0],"1":[0,0]}}
,"N:\\Work\\reqs.ai\\backend\\src\\utils\\AppError.ts": {"path":"N:\\Work\\reqs.ai\\backend\\src\\utils\\AppError.ts","statementMap":{"0":{"start":{"line":7,"column":8},"end":{"line":7,"column":23}},"1":{"start":{"line":9,"column":8},"end":{"line":9,"column":37}},"2":{"start":{"line":10,"column":8},"end":{"line":10,"column":73}},"3":{"start":{"line":11,"column":8},"end":{"line":11,"column":34}},"4":{"start":{"line":13,"column":8},"end":{"line":13,"column":56}},"5":{"start":{"line":17,"column":0},"end":{"line":17,"column":24}}},"fnMap":{"0":{"name":"(anonymous_0)","decl":{"start":{"line":6,"column":4},"end":{"line":6,"column":16}},"loc":{"start":{"line":6,"column":51},"end":{"line":14,"column":5}}}},"branchMap":{"0":{"loc":{"start":{"line":10,"column":22},"end":{"line":10,"column":72}},"type":"cond-expr","locations":[{"start":{"line":10,"column":56},"end":{"line":10,"column":62}},{"start":{"line":10,"column":65},"end":{"line":10,"column":72}}]}},"s":{"0":0,"1":0,"2":0,"3":0,"4":0,"5":0},"f":{"0":0},"b":{"0":[0,0]}}
,"N:\\Work\\reqs.ai\\backend\\src\\utils\\apiResponse.ts": {"path":"N:\\Work\\reqs.ai\\backend\\src\\utils\\apiResponse.ts","statementMap":{"0":{"start":{"line":3,"column":28},"end":{"line":9,"column":1}},"1":{"start":{"line":4,"column":4},"end":{"line":8,"column":7}},"2":{"start":{"line":3,"column":13},"end":{"line":3,"column":28}}},"fnMap":{"0":{"name":"(anonymous_0)","decl":{"start":{"line":3,"column":28},"end":{"line":3,"column":29}},"loc":{"start":{"line":3,"column":95},"end":{"line":9,"column":1}}}},"branchMap":{},"s":{"0":0,"1":0,"2":0},"f":{"0":0},"b":{}}
,"N:\\Work\\reqs.ai\\backend\\src\\utils\\encryption.ts": {"path":"N:\\Work\\reqs.ai\\backend\\src\\utils\\encryption.ts","statementMap":{"0":{"start":{"line":1,"column":0},"end":{"line":1,"column":28}},"1":{"start":{"line":6,"column":23},"end":{"line":6,"column":87}},"2":{"start":{"line":7,"column":18},"end":{"line":7,"column":20}},"3":{"start":{"line":9,"column":23},"end":{"line":15,"column":1}},"4":{"start":{"line":10,"column":15},"end":{"line":10,"column":44}},"5":{"start":{"line":11,"column":19},"end":{"line":11,"column":88}},"6":{"start":{"line":12,"column":20},"end":{"line":12,"column":39}},"7":{"start":{"line":13,"column":4},"end":{"line":13,"column":59}},"8":{"start":{"line":14,"column":4},"end":{"line":14,"column":64}},"9":{"start":{"line":9,"column":13},"end":{"line":9,"column":23}},"10":{"start":{"line":17,"column":23},"end":{"line":25,"column":1}},"11":{"start":{"line":18,"column":22},"end":{"line":18,"column":37}},"12":{"start":{"line":19,"column":15},"end":{"line":19,"column":62}},"13":{"start":{"line":20,"column":26},"end":{"line":20,"column":65}},"14":{"start":{"line":21,"column":21},"end":{"line":21,"column":92}},"15":{"start":{"line":22,"column":20},"end":{"line":22,"column":50}},"16":{"start":{"line":23,"column":4},"end":{"line":23,"column":61}},"17":{"start":{"line":24,"column":4},"end":{"line":24,"column":32}},"18":{"start":{"line":17,"column":13},"end":{"line":17,"column":23}}},"fnMap":{"0":{"name":"(anonymous_1)","decl":{"start":{"line":9,"column":23},"end":{"line":9,"column":24}},"loc":{"start":{"line":9,"column":48},"end":{"line":15,"column":1}}},"1":{"name":"(anonymous_2)","decl":{"start":{"line":17,"column":23},"end":{"line":17,"column":24}},"loc":{"start":{"line":17,"column":48},"end":{"line":25,"column":1}}}},"branchMap":{"0":{"loc":{"start":{"line":6,"column":23},"end":{"line":6,"column":87}},"type":"binary-expr","locations":[{"start":{"line":6,"column":23},"end":{"line":6,"column":49}},{"start":{"line":6,"column":53},"end":{"line":6,"column":87}}]}},"s":{"0":0,"1":0,"2":0,"3":0,"4":0,"5":0,"6":0,"7":0,"8":0,"9":0,"10":0,"11":0,"12":0,"13":0,"14":0,"15":0,"16":0,"17":0,"18":0},"f":{"0":0,"1":0},"b":{"0":[0,0]}}
}
